00:00:05.298026 VirtualBox VM 6.1.22 r144080 darwin.amd64 (Apr 28 2021 18:46:07) release log
00:00:05.298030 Log opened 2021-07-09T13:28:31.629837000Z
00:00:05.298031 Build Type: release
00:00:05.298045 OS Product: Darwin
00:00:05.298052 OS Release: 18.7.0
00:00:05.298058 OS Version: Darwin Kernel Version 18.7.0: Tue Jan 12 22:04:47 PST 2021; root:xnu-4903.278.56~1/RELEASE_X86_64
00:00:05.298154 DMI Product Name: iMac13,2
00:00:05.298219 DMI Product Version: 1.0
00:00:05.298223 Firmware type: failed - VERR_NOT_SUPPORTED
00:00:05.298235 Host RAM: 8192MB (8.0GB) total, 2950MB (2.8GB) available
00:00:05.298237 Executable: /Applications/VirtualBox.app/Contents/Resources/VirtualBoxVM.app/Contents/MacOS/VirtualBoxVM
00:00:05.298238 Process ID: 97745
00:00:05.298238 Package type: DARWIN_64BITS_GENERIC
00:00:05.300331 Installed Extension Packs:
00:00:05.300379   Oracle VM VirtualBox Extension Pack (Version: 6.1.22 r144080; VRDE Module: VBoxVRDP)
00:00:05.301758 Console: Machine state changed to 'Starting'
00:00:05.302072 Qt version: 5.6.3
00:00:05.331830 SUP: seg #0: RWX 0x00000000 LB 0x0015e000
00:00:05.331924 SUP: seg #1: R   0x0015e000 LB 0x00023480
00:00:05.334071 GUI: UIMediumEnumerator: Medium-enumeration finished!
00:00:05.334375 SUP: Loaded VMMR0.r0 (/Applications/VirtualBox.app/Contents/MacOS/VMMR0.r0) at 0xXXXXXXXXXXXXXXXX - ModuleInit at XXXXXXXXXXXXXXXX and ModuleTerm at XXXXXXXXXXXXXXXX using the native ring-0 loader
00:00:05.334412 SUP: VMMR0EntryEx located at XXXXXXXXXXXXXXXX and VMMR0EntryFast at XXXXXXXXXXXXXXXX
00:00:05.337561 Guest OS type: 'Debian_64'
00:00:05.342799 fHMForced=true - No raw-mode support in this build!
00:00:05.357623 File system of '/sgoinfre/goinfre/ISO/debian-10.9.0-amd64-netinst.iso' (DVD) is nfs
00:00:05.366561 File system of '/sgoinfre/goinfre/Perso/nivaniuk/born2berootVMs/Debian Born2beRoot/Snapshots' (snapshots) is unknown
00:00:05.366656 File system of '/sgoinfre/goinfre/Perso/nivaniuk/born2berootVMs/Debian Born2beRoot/Debian Born2beRoot.vmdk' is nfs
00:00:05.402962 Shared Clipboard: Service loaded
00:00:05.403077 Shared Clipboard: Mode: Off
00:00:05.403147 Shared Clipboard: Service running in normal mode
00:00:05.404684 Drag and drop service loaded
00:00:05.404736 Drag and drop mode: Off
00:00:05.413105 ************************* CFGM dump *************************
00:00:05.413114 [/] (level 0)
00:00:05.413119   CpuExecutionCap   <integer> = 0x0000000000000064 (100)
00:00:05.413123   EnablePAE         <integer> = 0x0000000000000000 (0)
00:00:05.413124   HMEnabled         <integer> = 0x0000000000000001 (1)
00:00:05.413125   MemBalloonSize    <integer> = 0x0000000000000000 (0)
00:00:05.413126   Name              <string>  = "Debian Born2beRoot" (cb=19)
00:00:05.413127   NumCPUs           <integer> = 0x0000000000000001 (1)
00:00:05.413128   PageFusionAllowed <integer> = 0x0000000000000000 (0)
00:00:05.413129   RamHoleSize       <integer> = 0x0000000020000000 (536 870 912, 512 MB)
00:00:05.413130   RamSize           <integer> = 0x0000000080000000 (2 147 483 648, 2 048 MB)
00:00:05.413132   TimerMillies      <integer> = 0x000000000000000a (10)
00:00:05.413133   UUID              <bytes>   = "c7 3f 95 c7 7f de ab 42 89 41 4a 5d e9 9b 27 5e" (cb=16)
00:00:05.413139 
00:00:05.413139 [/CPUM/] (level 1)
00:00:05.413140   GuestCpuName       <string>  = "host" (cb=5)
00:00:05.413141   NestedHWVirt       <integer> = 0x0000000000000000 (0)
00:00:05.413142   PortableCpuIdLevel <integer> = 0x0000000000000000 (0)
00:00:05.413143   SpecCtrl           <integer> = 0x0000000000000000 (0)
00:00:05.413144 
00:00:05.413144 [/CPUM/IsaExts/] (level 2)
00:00:05.413145 
00:00:05.413145 [/DBGC/] (level 1)
00:00:05.413146   GlobalInitScript <string>  = "/Users/nivaniuk/Library/VirtualBox/dbgc-init" (cb=45)
00:00:05.413147   HistoryFile      <string>  = "/Users/nivaniuk/Library/VirtualBox/dbgc-history" (cb=48)
00:00:05.413148   LocalInitScript  <string>  = "/sgoinfre/goinfre/Perso/nivaniuk/born2berootVMs/Debian Born2beRoot/dbgc-init" (cb=77)
00:00:05.413149 
00:00:05.413149 [/DBGF/] (level 1)
00:00:05.413150   Path <string>  = "/sgoinfre/goinfre/Perso/nivaniuk/born2berootVMs/Debian Born2beRoot/debug/;/sgoinfre/goinfre/Perso/nivaniuk/born2berootVMs/Debian Born2beRoot/;cache*/sgoinfre/goinfre/Perso/nivaniuk/born2berootVMs/Debian Born2beRoot/dbgcache/;/Users/nivaniuk/" (cb=242)
00:00:05.413151 
00:00:05.413151 [/Devices/] (level 1)
00:00:05.413152 
00:00:05.413152 [/Devices/8237A/] (level 2)
00:00:05.413153 
00:00:05.413153 [/Devices/8237A/0/] (level 3)
00:00:05.413154   Trusted <integer> = 0x0000000000000001 (1)
00:00:05.413155 
00:00:05.413155 [/Devices/GIMDev/] (level 2)
00:00:05.413156 
00:00:05.413156 [/Devices/GIMDev/0/] (level 3)
00:00:05.413158   Trusted <integer> = 0x0000000000000001 (1)
00:00:05.413158 
00:00:05.413158 [/Devices/VMMDev/] (level 2)
00:00:05.413159 
00:00:05.413159 [/Devices/VMMDev/0/] (level 3)
00:00:05.413161   PCIBusNo      <integer> = 0x0000000000000000 (0)
00:00:05.413161   PCIDeviceNo   <integer> = 0x0000000000000004 (4)
00:00:05.413162   PCIFunctionNo <integer> = 0x0000000000000000 (0)
00:00:05.413163   Trusted       <integer> = 0x0000000000000001 (1)
00:00:05.413164 
00:00:05.413164 [/Devices/VMMDev/0/Config/] (level 4)
00:00:05.413165   GuestCoreDumpDir <string>  = "/sgoinfre/goinfre/Perso/nivaniuk/born2berootVMs/Debian Born2beRoot/Snapshots" (cb=77)
00:00:05.413166 
00:00:05.413166 [/Devices/VMMDev/0/LUN#0/] (level 4)
00:00:05.413167   Driver <string>  = "HGCM" (cb=5)
00:00:05.413168 
00:00:05.413168 [/Devices/VMMDev/0/LUN#0/Config/] (level 5)
00:00:05.413169   Object <integer> = 0x00007fda23b10130 (140 574 878 400 816)
00:00:05.413171 
00:00:05.413171 [/Devices/VMMDev/0/LUN#999/] (level 4)
00:00:05.413172   Driver <string>  = "MainStatus" (cb=11)
00:00:05.413173 
00:00:05.413173 [/Devices/VMMDev/0/LUN#999/Config/] (level 5)
00:00:05.413175   First   <integer> = 0x0000000000000000 (0)
00:00:05.413175   Last    <integer> = 0x0000000000000000 (0)
00:00:05.413176   papLeds <integer> = 0x00007fda2188d858 (140 574 842 214 488)
00:00:05.413177 
00:00:05.413178 [/Devices/acpi/] (level 2)
00:00:05.413179 
00:00:05.413179 [/Devices/acpi/0/] (level 3)
00:00:05.413180   PCIBusNo      <integer> = 0x0000000000000000 (0)
00:00:05.413181   PCIDeviceNo   <integer> = 0x0000000000000007 (7)
00:00:05.413181   PCIFunctionNo <integer> = 0x0000000000000000 (0)
00:00:05.413182   Trusted       <integer> = 0x0000000000000001 (1)
00:00:05.413183 
00:00:05.413183 [/Devices/acpi/0/Config/] (level 4)
00:00:05.413184   CpuHotPlug          <integer> = 0x0000000000000000 (0)
00:00:05.413185   FdcEnabled          <integer> = 0x0000000000000000 (0)
00:00:05.413186   HostBusPciAddress   <integer> = 0x0000000000000000 (0)
00:00:05.413186   HpetEnabled         <integer> = 0x0000000000000000 (0)
00:00:05.413187   IOAPIC              <integer> = 0x0000000000000001 (1)
00:00:05.413188   IocPciAddress       <integer> = 0x0000000000010000 (65 536)
00:00:05.413189   NumCPUs             <integer> = 0x0000000000000001 (1)
00:00:05.413190   Parallel0IoPortBase <integer> = 0x0000000000000000 (0)
00:00:05.413191   Parallel0Irq        <integer> = 0x0000000000000000 (0)
00:00:05.413191   Parallel1IoPortBase <integer> = 0x0000000000000000 (0)
00:00:05.413192   Parallel1Irq        <integer> = 0x0000000000000000 (0)
00:00:05.413193   Serial0IoPortBase   <integer> = 0x0000000000000000 (0)
00:00:05.413193   Serial0Irq          <integer> = 0x0000000000000000 (0)
00:00:05.413194   Serial1IoPortBase   <integer> = 0x0000000000000000 (0)
00:00:05.413195   Serial1Irq          <integer> = 0x0000000000000000 (0)
00:00:05.413196   ShowCpu             <integer> = 0x0000000000000001 (1)
00:00:05.413196   ShowRtc             <integer> = 0x0000000000000000 (0)
00:00:05.413197   SmcEnabled          <integer> = 0x0000000000000000 (0)
00:00:05.413198 
00:00:05.413198 [/Devices/acpi/0/LUN#0/] (level 4)
00:00:05.413199   Driver <string>  = "ACPIHost" (cb=9)
00:00:05.413200 
00:00:05.413200 [/Devices/acpi/0/LUN#0/Config/] (level 5)
00:00:05.413201 
00:00:05.413201 [/Devices/ahci/] (level 2)
00:00:05.413202 
00:00:05.413203 [/Devices/ahci/0/] (level 3)
00:00:05.413204   PCIBusNo      <integer> = 0x0000000000000000 (0)
00:00:05.413204   PCIDeviceNo   <integer> = 0x000000000000000d (13)
00:00:05.413205   PCIFunctionNo <integer> = 0x0000000000000000 (0)
00:00:05.413206   Trusted       <integer> = 0x0000000000000001 (1)
00:00:05.413207 
00:00:05.413207 [/Devices/ahci/0/Config/] (level 4)
00:00:05.413208   Bootable  <integer> = 0x0000000000000001 (1)
00:00:05.413209   PortCount <integer> = 0x0000000000000001 (1)
00:00:05.413209 
00:00:05.413210 [/Devices/ahci/0/Config/Port0/] (level 5)
00:00:05.413211   Hotpluggable <integer> = 0x0000000000000000 (0)
00:00:05.413211 
00:00:05.413212 [/Devices/ahci/0/LUN#0/] (level 4)
00:00:05.413213   Driver <string>  = "VD" (cb=3)
00:00:05.413213 
00:00:05.413214 [/Devices/ahci/0/LUN#0/Config/] (level 5)
00:00:05.413215   BlockCache <integer> = 0x0000000000000001 (1)
00:00:05.413216   Format     <string>  = "VMDK" (cb=5)
00:00:05.413217   Mountable  <integer> = 0x0000000000000000 (0)
00:00:05.413217   Path       <string>  = "/sgoinfre/goinfre/Perso/nivaniuk/born2berootVMs/Debian Born2beRoot/Debian Born2beRoot.vmdk" (cb=91)
00:00:05.413218   Type       <string>  = "HardDisk" (cb=9)
00:00:05.413219   UseNewIo   <integer> = 0x0000000000000001 (1)
00:00:05.413220 
00:00:05.413220 [/Devices/ahci/0/LUN#0/Config/Plugins/] (level 6)
00:00:05.413221 
00:00:05.413221 [/Devices/ahci/0/LUN#0/Config/Plugins/VDPluginCrypt/] (level 7)
00:00:05.413223   Path <string>  = "/Applications/VirtualBox.app/Contents/MacOS/ExtensionPacks/Oracle_VM_VirtualBox_Extension_Pack/darwin.amd64/VDPluginCrypt.dylib" (cb=128)
00:00:05.413224 
00:00:05.413224 [/Devices/ahci/0/LUN#999/] (level 4)
00:00:05.413225   Driver <string>  = "MainStatus" (cb=11)
00:00:05.413226 
00:00:05.413226 [/Devices/ahci/0/LUN#999/Config/] (level 5)
00:00:05.413228   DeviceInstance        <string>  = "ahci/0" (cb=7)
00:00:05.413228   First                 <integer> = 0x0000000000000000 (0)
00:00:05.413229   Last                  <integer> = 0x0000000000000000 (0)
00:00:05.413230   pConsole              <integer> = 0x00007fda2188d000 (140 574 842 212 352)
00:00:05.413232   papLeds               <integer> = 0x00007fda2188d3d8 (140 574 842 213 336)
00:00:05.413233   pmapMediumAttachments <integer> = 0x00007fda2188d878 (140 574 842 214 520)
00:00:05.413234 
00:00:05.413235 [/Devices/apic/] (level 2)
00:00:05.413235 
00:00:05.413236 [/Devices/apic/0/] (level 3)
00:00:05.413237   Trusted <integer> = 0x0000000000000001 (1)
00:00:05.413237 
00:00:05.413237 [/Devices/apic/0/Config/] (level 4)
00:00:05.413239   IOAPIC  <integer> = 0x0000000000000001 (1)
00:00:05.413240   Mode    <integer> = 0x0000000000000003 (3)
00:00:05.413240   NumCPUs <integer> = 0x0000000000000001 (1)
00:00:05.413241 
00:00:05.413241 [/Devices/e1000/] (level 2)
00:00:05.413242 
00:00:05.413242 [/Devices/e1000/0/] (level 3)
00:00:05.413243   PCIBusNo      <integer> = 0x0000000000000000 (0)
00:00:05.413244   PCIDeviceNo   <integer> = 0x0000000000000003 (3)
00:00:05.413245   PCIFunctionNo <integer> = 0x0000000000000000 (0)
00:00:05.413245   Trusted       <integer> = 0x0000000000000001 (1)
00:00:05.413246 
00:00:05.413246 [/Devices/e1000/0/Config/] (level 4)
00:00:05.413248   AdapterType    <integer> = 0x0000000000000000 (0)
00:00:05.413248   CableConnected <integer> = 0x0000000000000001 (1)
00:00:05.413249   LineSpeed      <integer> = 0x0000000000000000 (0)
00:00:05.413250   MAC            <bytes>   = "08 00 27 68 75 80" (cb=6)
00:00:05.413251 
00:00:05.413252 [/Devices/e1000/0/LUN#0/] (level 4)
00:00:05.413253   Driver <string>  = "NAT" (cb=4)
00:00:05.413253 
00:00:05.413254 [/Devices/e1000/0/LUN#0/Config/] (level 5)
00:00:05.413255   AliasMode       <integer> = 0x0000000000000000 (0)
00:00:05.413256   BootFile        <string>  = "Debian Born2beRoot.pxe" (cb=23)
00:00:05.413257   DNSProxy        <integer> = 0x0000000000000000 (0)
00:00:05.413258   Network         <string>  = "10.0.2.0/24" (cb=12)
00:00:05.413258   PassDomain      <integer> = 0x0000000000000001 (1)
00:00:05.413259   TFTPPrefix      <string>  = "/Users/nivaniuk/Library/VirtualBox/TFTP" (cb=40)
00:00:05.413260   UseHostResolver <integer> = 0x0000000000000000 (0)
00:00:05.413260 
00:00:05.413261 [/Devices/e1000/0/LUN#999/] (level 4)
00:00:05.413262   Driver <string>  = "MainStatus" (cb=11)
00:00:05.413262 
00:00:05.413263 [/Devices/e1000/0/LUN#999/Config/] (level 5)
00:00:05.413264   First   <integer> = 0x0000000000000000 (0)
00:00:05.413265   Last    <integer> = 0x0000000000000000 (0)
00:00:05.413265   papLeds <integer> = 0x00007fda2188d738 (140 574 842 214 200)
00:00:05.413267 
00:00:05.413267 [/Devices/i8254/] (level 2)
00:00:05.413268 
00:00:05.413268 [/Devices/i8254/0/] (level 3)
00:00:05.413269 
00:00:05.413269 [/Devices/i8254/0/Config/] (level 4)
00:00:05.413270 
00:00:05.413270 [/Devices/i8259/] (level 2)
00:00:05.413271 
00:00:05.413271 [/Devices/i8259/0/] (level 3)
00:00:05.413272   Trusted <integer> = 0x0000000000000001 (1)
00:00:05.413273 
00:00:05.413273 [/Devices/i8259/0/Config/] (level 4)
00:00:05.413274 
00:00:05.413274 [/Devices/ichac97/] (level 2)
00:00:05.413275 
00:00:05.413276 [/Devices/ichac97/0/] (level 3)
00:00:05.413277   PCIBusNo      <integer> = 0x0000000000000000 (0)
00:00:05.413278   PCIDeviceNo   <integer> = 0x0000000000000005 (5)
00:00:05.413278   PCIFunctionNo <integer> = 0x0000000000000000 (0)
00:00:05.413279   Trusted       <integer> = 0x0000000000000001 (1)
00:00:05.413280 
00:00:05.413280 [/Devices/ichac97/0/AudioConfig/] (level 4)
00:00:05.413281 
00:00:05.413281 [/Devices/ichac97/0/Config/] (level 4)
00:00:05.413283   Codec        <string>  = "AD1980" (cb=7)
00:00:05.413283   DebugEnabled <integer> = 0x0000000000000000 (0)
00:00:05.413284 
00:00:05.413284 [/Devices/ichac97/0/LUN#0/] (level 4)
00:00:05.413285   Driver <string>  = "AUDIO" (cb=6)
00:00:05.413286 
00:00:05.413286 [/Devices/ichac97/0/LUN#0/AttachedDriver/] (level 5)
00:00:05.413287   Driver <string>  = "CoreAudio" (cb=10)
00:00:05.413288 
00:00:05.413288 [/Devices/ichac97/0/LUN#0/AttachedDriver/Config/] (level 6)
00:00:05.413290   StreamName <string>  = "Debian Born2beRoot" (cb=19)
00:00:05.413290 
00:00:05.413290 [/Devices/ichac97/0/LUN#0/Config/] (level 5)
00:00:05.413292   DriverName    <string>  = "CoreAudio" (cb=10)
00:00:05.413292   InputEnabled  <integer> = 0x0000000000000000 (0)
00:00:05.413293   OutputEnabled <integer> = 0x0000000000000001 (1)
00:00:05.413294 
00:00:05.413294 [/Devices/ichac97/0/LUN#1/] (level 4)
00:00:05.413295   Driver <string>  = "AUDIO" (cb=6)
00:00:05.413295 
00:00:05.413296 [/Devices/ichac97/0/LUN#2/] (level 4)
00:00:05.413297   Driver <string>  = "AUDIO" (cb=6)
00:00:05.413297 
00:00:05.413298 [/Devices/ioapic/] (level 2)
00:00:05.413298 
00:00:05.413299 [/Devices/ioapic/0/] (level 3)
00:00:05.413300   Trusted <integer> = 0x0000000000000001 (1)
00:00:05.413300 
00:00:05.413300 [/Devices/ioapic/0/Config/] (level 4)
00:00:05.413302   NumCPUs <integer> = 0x0000000000000001 (1)
00:00:05.413302 
00:00:05.413303 [/Devices/mc146818/] (level 2)
00:00:05.413303 
00:00:05.413304 [/Devices/mc146818/0/] (level 3)
00:00:05.413305 
00:00:05.413305 [/Devices/mc146818/0/Config/] (level 4)
00:00:05.413306   UseUTC <integer> = 0x0000000000000001 (1)
00:00:05.413307 
00:00:05.413307 [/Devices/parallel/] (level 2)
00:00:05.413308 
00:00:05.413308 [/Devices/pcarch/] (level 2)
00:00:05.413309 
00:00:05.413309 [/Devices/pcarch/0/] (level 3)
00:00:05.413310   Trusted <integer> = 0x0000000000000001 (1)
00:00:05.413311 
00:00:05.413311 [/Devices/pcarch/0/Config/] (level 4)
00:00:05.413312 
00:00:05.413312 [/Devices/pcbios/] (level 2)
00:00:05.413313 
00:00:05.413313 [/Devices/pcbios/0/] (level 3)
00:00:05.413314   Trusted <integer> = 0x0000000000000001 (1)
00:00:05.413315 
00:00:05.413315 [/Devices/pcbios/0/Config/] (level 4)
00:00:05.413317   APIC               <integer> = 0x0000000000000001 (1)
00:00:05.413318   BootDevice0        <string>  = "FLOPPY" (cb=7)
00:00:05.413319   BootDevice1        <string>  = "DVD" (cb=4)
00:00:05.413320   BootDevice2        <string>  = "IDE" (cb=4)
00:00:05.413321   BootDevice3        <string>  = "NONE" (cb=5)
00:00:05.413321   FloppyDevice       <string>  = "i82078" (cb=7)
00:00:05.413322   HardDiskDevice     <string>  = "piix3ide" (cb=9)
00:00:05.413323   IOAPIC             <integer> = 0x0000000000000001 (1)
00:00:05.413323   LanBootRom         <string>  = "/Applications/VirtualBox.app/Contents/MacOS/ExtensionPacks/Oracle_VM_VirtualBox_Extension_Pack/PXE-Intel.rom" (cb=109)
00:00:05.413324   McfgBase           <integer> = 0x0000000000000000 (0)
00:00:05.413325   McfgLength         <integer> = 0x0000000000000000 (0)
00:00:05.413326   NumCPUs            <integer> = 0x0000000000000001 (1)
00:00:05.413327   PXEDebug           <integer> = 0x0000000000000000 (0)
00:00:05.413328   SataHardDiskDevice <string>  = "ahci" (cb=5)
00:00:05.413328   SataLUN1           <integer> = 0x0000000000000000 (0)
00:00:05.413329   UUID               <bytes>   = "c7 3f 95 c7 7f de ab 42 89 41 4a 5d e9 9b 27 5e" (cb=16)
00:00:05.413331   UuidLe             <integer> = 0x0000000000000001 (1)
00:00:05.413332 
00:00:05.413332 [/Devices/pcbios/0/Config/NetBoot/] (level 5)
00:00:05.413334 
00:00:05.413334 [/Devices/pcbios/0/Config/NetBoot/0/] (level 6)
00:00:05.413335   NIC           <integer> = 0x0000000000000000 (0)
00:00:05.413336   PCIBusNo      <integer> = 0x0000000000000000 (0)
00:00:05.413337   PCIDeviceNo   <integer> = 0x0000000000000003 (3)
00:00:05.413338   PCIFunctionNo <integer> = 0x0000000000000000 (0)
00:00:05.413338 
00:00:05.413339 [/Devices/pci/] (level 2)
00:00:05.413339 
00:00:05.413340 [/Devices/pci/0/] (level 3)
00:00:05.413341   Trusted <integer> = 0x0000000000000001 (1)
00:00:05.413341 
00:00:05.413342 [/Devices/pci/0/Config/] (level 4)
00:00:05.413343   IOAPIC <integer> = 0x0000000000000001 (1)
00:00:05.413343 
00:00:05.413344 [/Devices/pcibridge/] (level 2)
00:00:05.413344 
00:00:05.413345 [/Devices/pckbd/] (level 2)
00:00:05.413346 
00:00:05.413346 [/Devices/pckbd/0/] (level 3)
00:00:05.413347   Trusted <integer> = 0x0000000000000001 (1)
00:00:05.413348 
00:00:05.413348 [/Devices/pckbd/0/Config/] (level 4)
00:00:05.413349 
00:00:05.413349 [/Devices/pckbd/0/LUN#0/] (level 4)
00:00:05.413350   Driver <string>  = "KeyboardQueue" (cb=14)
00:00:05.413351 
00:00:05.413351 [/Devices/pckbd/0/LUN#0/AttachedDriver/] (level 5)
00:00:05.413353   Driver <string>  = "MainKeyboard" (cb=13)
00:00:05.413353 
00:00:05.413354 [/Devices/pckbd/0/LUN#0/AttachedDriver/Config/] (level 6)
00:00:05.413355   Object <integer> = 0x00007fda2382e690 (140 574 875 379 344)
00:00:05.413356 
00:00:05.413356 [/Devices/pckbd/0/LUN#0/Config/] (level 5)
00:00:05.413358   QueueSize <integer> = 0x0000000000000040 (64)
00:00:05.413359 
00:00:05.413359 [/Devices/pckbd/0/LUN#1/] (level 4)
00:00:05.413360   Driver <string>  = "MouseQueue" (cb=11)
00:00:05.413360 
00:00:05.413361 [/Devices/pckbd/0/LUN#1/AttachedDriver/] (level 5)
00:00:05.413362   Driver <string>  = "MainMouse" (cb=10)
00:00:05.413362 
00:00:05.413363 [/Devices/pckbd/0/LUN#1/AttachedDriver/Config/] (level 6)
00:00:05.413364   Object <integer> = 0x00007fda2382e7f0 (140 574 875 379 696)
00:00:05.413365 
00:00:05.413365 [/Devices/pckbd/0/LUN#1/Config/] (level 5)
00:00:05.413367   QueueSize <integer> = 0x0000000000000080 (128)
00:00:05.413367 
00:00:05.413368 [/Devices/pcnet/] (level 2)
00:00:05.413368 
00:00:05.413369 [/Devices/piix3ide/] (level 2)
00:00:05.413370 
00:00:05.413370 [/Devices/piix3ide/0/] (level 3)
00:00:05.413371   PCIBusNo      <integer> = 0x0000000000000000 (0)
00:00:05.413372   PCIDeviceNo   <integer> = 0x0000000000000001 (1)
00:00:05.413372   PCIFunctionNo <integer> = 0x0000000000000001 (1)
00:00:05.413373   Trusted       <integer> = 0x0000000000000001 (1)
00:00:05.413374 
00:00:05.413374 [/Devices/piix3ide/0/Config/] (level 4)
00:00:05.413375   Type <string>  = "PIIX4" (cb=6)
00:00:05.413376 
00:00:05.413376 [/Devices/piix3ide/0/LUN#2/] (level 4)
00:00:05.413377   Driver <string>  = "VD" (cb=3)
00:00:05.413378 
00:00:05.413378 [/Devices/piix3ide/0/LUN#2/Config/] (level 5)
00:00:05.413380   Format    <string>  = "RAW" (cb=4)
00:00:05.413380   Mountable <integer> = 0x0000000000000001 (1)
00:00:05.413381   Path      <string>  = "/sgoinfre/goinfre/ISO/debian-10.9.0-amd64-netinst.iso" (cb=54)
00:00:05.413382   ReadOnly  <integer> = 0x0000000000000001 (1)
00:00:05.413383   Type      <string>  = "DVD" (cb=4)
00:00:05.413383 
00:00:05.413383 [/Devices/piix3ide/0/LUN#2/Config/Plugins/] (level 6)
00:00:05.413385 
00:00:05.413385 [/Devices/piix3ide/0/LUN#2/Config/Plugins/VDPluginCrypt/] (level 7)
00:00:05.413387   Path <string>  = "/Applications/VirtualBox.app/Contents/MacOS/ExtensionPacks/Oracle_VM_VirtualBox_Extension_Pack/darwin.amd64/VDPluginCrypt.dylib" (cb=128)
00:00:05.413387 
00:00:05.413388 [/Devices/piix3ide/0/LUN#999/] (level 4)
00:00:05.413389   Driver <string>  = "MainStatus" (cb=11)
00:00:05.413389 
00:00:05.413390 [/Devices/piix3ide/0/LUN#999/Config/] (level 5)
00:00:05.413391   DeviceInstance        <string>  = "piix3ide/0" (cb=11)
00:00:05.413392   First                 <integer> = 0x0000000000000000 (0)
00:00:05.413393   Last                  <integer> = 0x0000000000000003 (3)
00:00:05.413394   pConsole              <integer> = 0x00007fda2188d000 (140 574 842 212 352)
00:00:05.413395   papLeds               <integer> = 0x00007fda2188d3b8 (140 574 842 213 304)
00:00:05.413397   pmapMediumAttachments <integer> = 0x00007fda2188d878 (140 574 842 214 520)
00:00:05.413398 
00:00:05.413398 [/Devices/serial/] (level 2)
00:00:05.413399 
00:00:05.413399 [/Devices/usb-ehci/] (level 2)
00:00:05.413400 
00:00:05.413400 [/Devices/usb-ehci/0/] (level 3)
00:00:05.413401   PCIBusNo      <integer> = 0x0000000000000000 (0)
00:00:05.413402   PCIDeviceNo   <integer> = 0x000000000000000b (11)
00:00:05.413403   PCIFunctionNo <integer> = 0x0000000000000000 (0)
00:00:05.413403   Trusted       <integer> = 0x0000000000000001 (1)
00:00:05.413404 
00:00:05.413404 [/Devices/usb-ehci/0/Config/] (level 4)
00:00:05.413405 
00:00:05.413406 [/Devices/usb-ehci/0/LUN#0/] (level 4)
00:00:05.413407   Driver <string>  = "VUSBRootHub" (cb=12)
00:00:05.413407 
00:00:05.413408 [/Devices/usb-ehci/0/LUN#0/Config/] (level 5)
00:00:05.413409 
00:00:05.413409 [/Devices/usb-ehci/0/LUN#999/] (level 4)
00:00:05.413410   Driver <string>  = "MainStatus" (cb=11)
00:00:05.413411 
00:00:05.413411 [/Devices/usb-ehci/0/LUN#999/Config/] (level 5)
00:00:05.413412   First   <integer> = 0x0000000000000000 (0)
00:00:05.413413   Last    <integer> = 0x0000000000000000 (0)
00:00:05.413413   papLeds <integer> = 0x00007fda2188d868 (140 574 842 214 504)
00:00:05.413414 
00:00:05.413415 [/Devices/usb-ohci/] (level 2)
00:00:05.413416 
00:00:05.413416 [/Devices/usb-ohci/0/] (level 3)
00:00:05.413417   PCIBusNo      <integer> = 0x0000000000000000 (0)
00:00:05.413418   PCIDeviceNo   <integer> = 0x0000000000000006 (6)
00:00:05.413418   PCIFunctionNo <integer> = 0x0000000000000000 (0)
00:00:05.413419   Trusted       <integer> = 0x0000000000000001 (1)
00:00:05.413420 
00:00:05.413420 [/Devices/usb-ohci/0/Config/] (level 4)
00:00:05.413421 
00:00:05.413421 [/Devices/usb-ohci/0/LUN#0/] (level 4)
00:00:05.413422   Driver <string>  = "VUSBRootHub" (cb=12)
00:00:05.413423 
00:00:05.413423 [/Devices/usb-ohci/0/LUN#0/Config/] (level 5)
00:00:05.413424 
00:00:05.413425 [/Devices/usb-ohci/0/LUN#999/] (level 4)
00:00:05.413426   Driver <string>  = "MainStatus" (cb=11)
00:00:05.413426 
00:00:05.413426 [/Devices/usb-ohci/0/LUN#999/Config/] (level 5)
00:00:05.413428   First   <integer> = 0x0000000000000000 (0)
00:00:05.413428   Last    <integer> = 0x0000000000000000 (0)
00:00:05.413429   papLeds <integer> = 0x00007fda2188d860 (140 574 842 214 496)
00:00:05.413430 
00:00:05.413430 [/Devices/vga/] (level 2)
00:00:05.413431 
00:00:05.413432 [/Devices/vga/0/] (level 3)
00:00:05.413433   PCIBusNo      <integer> = 0x0000000000000000 (0)
00:00:05.413434   PCIDeviceNo   <integer> = 0x0000000000000002 (2)
00:00:05.413434   PCIFunctionNo <integer> = 0x0000000000000000 (0)
00:00:05.413435   Trusted       <integer> = 0x0000000000000001 (1)
00:00:05.413436 
00:00:05.413436 [/Devices/vga/0/Config/] (level 4)
00:00:05.413438   3DEnabled          <integer> = 0x0000000000000000 (0)
00:00:05.413439   CustomVideoModes   <integer> = 0x0000000000000000 (0)
00:00:05.413439   FadeIn             <integer> = 0x0000000000000001 (1)
00:00:05.413440   FadeOut            <integer> = 0x0000000000000001 (1)
00:00:05.413441   HeightReduction    <integer> = 0x0000000000000000 (0)
00:00:05.413442   LogoFile           <string>  = "" (cb=1)
00:00:05.413443   LogoTime           <integer> = 0x0000000000000000 (0)
00:00:05.413443   MonitorCount       <integer> = 0x0000000000000001 (1)
00:00:05.413444   ShowBootMenu       <integer> = 0x0000000000000002 (2)
00:00:05.413445   VMSVGA3dEnabled    <integer> = 0x0000000000000000 (0)
00:00:05.413446   VMSVGAEnabled      <integer> = 0x0000000000000001 (1)
00:00:05.413446   VMSVGAPciBarLayout <integer> = 0x0000000000000001 (1)
00:00:05.413447   VMSVGAPciId        <integer> = 0x0000000000000001 (1)
00:00:05.413448   VRamSize           <integer> = 0x0000000001000000 (16 777 216, 16 MB)
00:00:05.413449 
00:00:05.413449 [/Devices/vga/0/LUN#0/] (level 4)
00:00:05.413451   Driver <string>  = "MainDisplay" (cb=12)
00:00:05.413451 
00:00:05.413451 [/Devices/vga/0/LUN#0/Config/] (level 5)
00:00:05.413453   Object <integer> = 0x00007fda2213d000 (140 574 851 321 856)
00:00:05.413454 
00:00:05.413454 [/Devices/vga/0/LUN#999/] (level 4)
00:00:05.413455   Driver <string>  = "MainStatus" (cb=11)
00:00:05.413456 
00:00:05.413456 [/Devices/vga/0/LUN#999/Config/] (level 5)
00:00:05.413457   First   <integer> = 0x0000000000000000 (0)
00:00:05.413458   Last    <integer> = 0x0000000000000000 (0)
00:00:05.413459   papLeds <integer> = 0x00007fda2188d870 (140 574 842 214 512)
00:00:05.413460 
00:00:05.413460 [/Devices/virtio-net/] (level 2)
00:00:05.413461 
00:00:05.413461 [/EM/] (level 1)
00:00:05.413462   TripleFaultReset <integer> = 0x0000000000000000 (0)
00:00:05.413463 
00:00:05.413463 [/GIM/] (level 1)
00:00:05.413464   Provider <string>  = "KVM" (cb=4)
00:00:05.413464 
00:00:05.413465 [/HM/] (level 1)
00:00:05.413467   64bitEnabled            <integer> = 0x0000000000000001 (1)
00:00:05.413467   EnableLargePages        <integer> = 0x0000000000000001 (1)
00:00:05.413468   EnableNestedPaging      <integer> = 0x0000000000000001 (1)
00:00:05.413469   EnableUX                <integer> = 0x0000000000000001 (1)
00:00:05.413470   EnableVPID              <integer> = 0x0000000000000001 (1)
00:00:05.413471   Exclusive               <integer> = 0x0000000000000000 (0)
00:00:05.413472   HMForced                <integer> = 0x0000000000000001 (1)
00:00:05.413472   IBPBOnVMEntry           <integer> = 0x0000000000000000 (0)
00:00:05.413473   IBPBOnVMExit            <integer> = 0x0000000000000000 (0)
00:00:05.413474   L1DFlushOnSched         <integer> = 0x0000000000000001 (1)
00:00:05.413475   L1DFlushOnVMEntry       <integer> = 0x0000000000000000 (0)
00:00:05.413476   LovelyMesaDrvWorkaround <integer> = 0x0000000000000001 (1)
00:00:05.413476   MDSClearOnSched         <integer> = 0x0000000000000001 (1)
00:00:05.413477   MDSClearOnVMEntry       <integer> = 0x0000000000000000 (0)
00:00:05.413478   SpecCtrlByHost          <integer> = 0x0000000000000000 (0)
00:00:05.413479   UseNEMInstead           <integer> = 0x0000000000000000 (0)
00:00:05.413480 
00:00:05.413480 [/MM/] (level 1)
00:00:05.413481   CanUseLargerHeap <integer> = 0x0000000000000000 (0)
00:00:05.413481 
00:00:05.413481 [/NEM/] (level 1)
00:00:05.413482   Allow64BitGuests        <integer> = 0x0000000000000001 (1)
00:00:05.413483   LovelyMesaDrvWorkaround <integer> = 0x0000000000000001 (1)
00:00:05.413484 
00:00:05.413484 [/PDM/] (level 1)
00:00:05.413485 
00:00:05.413485 [/PDM/AsyncCompletion/] (level 2)
00:00:05.413486 
00:00:05.413486 [/PDM/AsyncCompletion/File/] (level 3)
00:00:05.413487 
00:00:05.413487 [/PDM/AsyncCompletion/File/BwGroups/] (level 4)
00:00:05.413489 
00:00:05.413489 [/PDM/BlkCache/] (level 2)
00:00:05.413490   CacheSize <integer> = 0x0000000000500000 (5 242 880, 5 MB)
00:00:05.413491 
00:00:05.413491 [/PDM/Devices/] (level 2)
00:00:05.413492 
00:00:05.413492 [/PDM/Devices/VBoxEhci/] (level 3)
00:00:05.413493   Path         <string>  = "/Applications/VirtualBox.app/Contents/MacOS/ExtensionPacks/Oracle_VM_VirtualBox_Extension_Pack/darwin.amd64/VBoxEhciR3.dylib" (cb=125)
00:00:05.413494   R0SearchPath <string>  = "/Applications/VirtualBox.app/Contents/MacOS/ExtensionPacks/Oracle_VM_VirtualBox_Extension_Pack/darwin.amd64" (cb=108)
00:00:05.413495 
00:00:05.413495 [/PDM/Devices/VBoxNvme/] (level 3)
00:00:05.413496   Path         <string>  = "/Applications/VirtualBox.app/Contents/MacOS/ExtensionPacks/Oracle_VM_VirtualBox_Extension_Pack/darwin.amd64/VBoxNvmeR3.dylib" (cb=125)
00:00:05.413497   R0SearchPath <string>  = "/Applications/VirtualBox.app/Contents/MacOS/ExtensionPacks/Oracle_VM_VirtualBox_Extension_Pack/darwin.amd64" (cb=108)
00:00:05.413498 
00:00:05.413498 [/PDM/Drivers/] (level 2)
00:00:05.413499 
00:00:05.413499 [/PDM/Drivers/DrvHostWebcam/] (level 3)
00:00:05.413500   Path <string>  = "/Applications/VirtualBox.app/Contents/MacOS/ExtensionPacks/Oracle_VM_VirtualBox_Extension_Pack/darwin.amd64/VBoxHostWebcam.dylib" (cb=129)
00:00:05.413501 
00:00:05.413501 [/PDM/Drivers/VBoxC/] (level 3)
00:00:05.413502   Path <string>  = "/Applications/VirtualBox.app/Contents/MacOS/components/VBoxC" (cb=61)
00:00:05.413503 
00:00:05.413503 [/PDM/NetworkShaper/] (level 2)
00:00:05.413504 
00:00:05.413504 [/PDM/NetworkShaper/BwGroups/] (level 3)
00:00:05.413505 
00:00:05.413505 [/PDM/USB/] (level 2)
00:00:05.413506 
00:00:05.413507 [/PDM/USB/VBoxUsbCardReader/] (level 3)
00:00:05.413507   Path <string>  = "/Applications/VirtualBox.app/Contents/MacOS/ExtensionPacks/Oracle_VM_VirtualBox_Extension_Pack/darwin.amd64/VBoxUsbCardReaderR3.dylib" (cb=134)
00:00:05.413508 
00:00:05.413509 [/PDM/USB/VBoxUsbWebcam/] (level 3)
00:00:05.413509   Path <string>  = "/Applications/VirtualBox.app/Contents/MacOS/ExtensionPacks/Oracle_VM_VirtualBox_Extension_Pack/darwin.amd64/VBoxUsbWebcamR3.dylib" (cb=130)
00:00:05.413510 
00:00:05.413510 [/TM/] (level 1)
00:00:05.413511   UTCOffset <integer> = 0x0000000000000000 (0)
00:00:05.413512 
00:00:05.413512 [/USB/] (level 1)
00:00:05.413513 
00:00:05.413513 [/USB/HidMouse/] (level 2)
00:00:05.413514 
00:00:05.413514 [/USB/HidMouse/0/] (level 3)
00:00:05.413515 
00:00:05.413515 [/USB/HidMouse/0/Config/] (level 4)
00:00:05.413516   Mode <string>  = "absolute" (cb=9)
00:00:05.413517 
00:00:05.413517 [/USB/HidMouse/0/LUN#0/] (level 4)
00:00:05.413518   Driver <string>  = "MouseQueue" (cb=11)
00:00:05.413519 
00:00:05.413519 [/USB/HidMouse/0/LUN#0/AttachedDriver/] (level 5)
00:00:05.413521   Driver <string>  = "MainMouse" (cb=10)
00:00:05.413521 
00:00:05.413521 [/USB/HidMouse/0/LUN#0/AttachedDriver/Config/] (level 6)
00:00:05.413523   Object <integer> = 0x00007fda2382e7f0 (140 574 875 379 696)
00:00:05.413524 
00:00:05.413524 [/USB/HidMouse/0/LUN#0/Config/] (level 5)
00:00:05.413525   QueueSize <integer> = 0x0000000000000080 (128)
00:00:05.413526 
00:00:05.413526 [/USB/USBProxy/] (level 2)
00:00:05.413527 
00:00:05.413527 [/USB/USBProxy/GlobalConfig/] (level 3)
00:00:05.413528 
00:00:05.413529 ********************* End of CFGM dump **********************
00:00:05.413604 HM: HMR3Init: VT-x w/ nested paging and unrestricted guest execution hw support
00:00:05.413673 MM: cbHyperHeap=0x200000 (2097152)
00:00:05.415690 CPUM: fXStateHostMask=0x7; initial: 0x7; host XCR0=0x7
00:00:05.416335 CPUM: Matched host CPU INTEL 0x6/0x3a/0x9 Intel_Core7_IvyBridge with CPU DB entry 'Intel Core i5-3570' (INTEL 0x6/0x3a/0x9 Intel_Core7_IvyBridge)
00:00:05.416395 CPUM: MXCSR_MASK=0xffff (host: 0xffff)
00:00:05.416446 CPUM: Microcode revision 0x00000021
00:00:05.416485 CPUM: MSR/CPUID reconciliation insert: 0x0000010b IA32_FLUSH_CMD
00:00:05.416763 PGM: Host paging mode: AMD64+PGE+NX
00:00:05.416790 PGM: PGMPool: cMaxPages=1280 (u64MaxPages=1058)
00:00:05.416811 PGM: pgmR3PoolInit: cMaxPages=0x500 cMaxUsers=0xa00 cMaxPhysExts=0xa00 fCacheEnable=true 
00:00:05.425857 TM: GIP - u32Mode=3 (Invariant) u32UpdateHz=100 u32UpdateIntervalNS=10000000 enmUseTscDelta=2 (Practically Zero) fGetGipCpu=0x15 cCpus=4
00:00:05.425967 TM: GIP - u64CpuHz=2 893 406 923 (0xac75e2cb)  SUPGetCpuHzFromGip => 2 893 406 923
00:00:05.425991 TM: GIP - CPU: iCpuSet=0x0 idCpu=0x0 idApic=0x0 iGipCpu=0x0 i64TSCDelta=0 enmState=3 u64CpuHz=2893406923(*) cErrors=0
00:00:05.426136 TM: GIP - CPU: iCpuSet=0x1 idCpu=0x1 idApic=0x2 iGipCpu=0x1 i64TSCDelta=0 enmState=3 u64CpuHz=2893405371(*) cErrors=0
00:00:05.426167 TM: GIP - CPU: iCpuSet=0x2 idCpu=0x2 idApic=0x4 iGipCpu=0x2 i64TSCDelta=0 enmState=3 u64CpuHz=2893406178(*) cErrors=0
00:00:05.426192 TM: GIP - CPU: iCpuSet=0x3 idCpu=0x3 idApic=0x6 iGipCpu=0x3 i64TSCDelta=0 enmState=3 u64CpuHz=2893406900(*) cErrors=0
00:00:05.426314 TM: cTSCTicksPerSecond=2 893 406 923 (0xac75e2cb) enmTSCMode=3 (Dynamic)
00:00:05.426316 TM: TSCTiedToExecution=false TSCNotTiedToHalt=false
00:00:05.426874 EMR3Init: fIemExecutesAll=false fGuruOnTripleFault=true 
00:00:05.427027 IEM: TargetCpu=CURRENT, Microarch=Intel_Core7_IvyBridge
00:00:05.427133 GIM: Using provider 'KVM' (Implementation version: 0)
00:00:05.427166 CPUM: SetGuestCpuIdFeature: Enabled Hypervisor Present bit
00:00:05.427309 AIOMgr: Default manager type is 'Async'
00:00:05.427340 AIOMgr: Default file backend is 'NonBuffered'
00:00:05.427453 BlkCache: Cache successfully initialized. Cache size is 5242880 bytes
00:00:05.427483 BlkCache: Cache commit interval is 10000 ms
00:00:05.427507 BlkCache: Cache commit threshold is 2621440 bytes
00:00:05.431426 PcBios: [SMP] BIOS with 1 CPUs
00:00:05.431483 PcBios: Using the 386+ BIOS image.
00:00:05.431562 PcBios: MPS table at 000e1300
00:00:05.432555 PcBios: Using LAN ROM '/Applications/VirtualBox.app/Contents/MacOS/ExtensionPacks/Oracle_VM_VirtualBox_Extension_Pack/PXE-Intel.rom' with a size of 0xc000 bytes
00:00:05.432667 PcBios: fCheckShutdownStatusForSoftReset=true   fClearShutdownStatusOnHardReset=true 
00:00:05.437043 SUP: seg #0: RWX 0x00000000 LB 0x0002c000
00:00:05.437107 SUP: seg #1: R   0x0002c000 LB 0x00002880
00:00:05.437509 SUP: Loaded VBoxDDR0.r0 (/Applications/VirtualBox.app/Contents/MacOS/VBoxDDR0.r0) at 0xXXXXXXXXXXXXXXXX - ModuleInit at XXXXXXXXXXXXXXXX and ModuleTerm at XXXXXXXXXXXXXXXX using the native ring-0 loader
00:00:05.438151 CPUM: SetGuestCpuIdFeature: Enabled xAPIC
00:00:05.438190 CPUM: SetGuestCpuIdFeature: Enabled x2APIC
00:00:05.438709 IOAPIC: Using implementation 2.0! Chipset type ICH9
00:00:05.438871 PIT: mode=3 count=0x10000 (65536) - 18.20 Hz (ch=0)
00:00:05.444105 Shared Folders service loaded
00:00:05.445252 Guest Control service loaded
00:00:05.466071 VGA: Using the 386+ BIOS image.
00:00:05.468427 VD: VDInit finished with VINF_SUCCESS
00:00:05.469074 DrvVD: Flushes will be ignored
00:00:05.469120 DrvVD: Async flushes will be passed to the disk
00:00:05.473291 AIOMgr: Endpoint for file '/sgoinfre/goinfre/Perso/nivaniuk/born2berootVMs/Debian Born2beRoot/Debian Born2beRoot.vmdk' (flags 000c0723) created successfully
00:00:05.475826 VD: Opening the disk took 3629625 ns
00:00:05.475933 AHCI: LUN#0: disk, PCHS=16383/16/63, total number of sectors 16777216
00:00:05.476123 AHCI#0: Reset the HBA
00:00:05.476156 VD#0: Cancelling all active requests
00:00:05.477303 PIIX3 ATA: LUN#0: no unit
00:00:05.477519 PIIX3 ATA: LUN#1: no unit
00:00:05.477598 DrvVD: Flushes will be ignored
00:00:05.477628 DrvVD: Async flushes will be passed to the disk
00:00:05.478099 VD: Opening the disk took 442303 ns
00:00:05.478174 PIIX3 ATA: LUN#2: CD/DVD, total number of sectors 172544, passthrough disabled
00:00:05.478307 PIIX3 ATA: LUN#3: no unit
00:00:05.478380 PIIX3 ATA: Ctl#0: finished processing RESET
00:00:05.478427 PIIX3 ATA: Ctl#1: finished processing RESET
00:00:05.478602 E1000#0: Chip=82540EM LinkUpDelay=3000ms EthernetCRC=on GSO=enabled Itr=disabled ItrRx=enabled TID=disabled R0=enabled RC=disabled
00:00:05.487694 NAT: Guest address guess set to 10.0.2.15 by initialization
00:00:05.496671 NAT: resolv.conf: nameserver 10.51.1.42
00:00:05.496781 NAT: resolv.conf: nameserver 10.51.1.43
00:00:05.496828 NAT: Adding domain name 42.fr
00:00:05.496853 NAT: DNS#0: 10.51.1.42
00:00:05.496887 NAT: DNS#1: 10.51.1.43
00:00:05.498154 AC97: Using codec 'AD1980'
00:00:05.498272 Audio: Initializing Core Audio driver
00:00:05.558203 Audio: Found 4 devices for driver 'CoreAudio'
00:00:05.558276 Audio: Device 'Bose QC35 II (20/03/21)':
00:00:05.558302 Audio:   Usage           = Input
00:00:05.558325 Audio:   Flags           = DEFAULT
00:00:05.558348 Audio:   Input channels  = 1
00:00:05.558371 Audio:   Output channels = 0
00:00:05.558393 Audio: Device 'Built-in Microphone':
00:00:05.558415 Audio:   Usage           = Input
00:00:05.558436 Audio:   Flags           = NONE
00:00:05.558459 Audio:   Input channels  = 2
00:00:05.558481 Audio:   Output channels = 0
00:00:05.558503 Audio: Device 'Bose QC35 II (20/03/21)':
00:00:05.558525 Audio:   Usage           = Output
00:00:05.558547 Audio:   Flags           = DEFAULT
00:00:05.558569 Audio:   Input channels  = 0
00:00:05.558591 Audio:   Output channels = 2
00:00:05.558613 Audio: Device 'Built-in Output':
00:00:05.558634 Audio:   Usage           = Output
00:00:05.558656 Audio:   Flags           = NONE
00:00:05.558687 Audio:   Input channels  = 0
00:00:05.558709 Audio:   Output channels = 2
00:00:05.558780 AC97: Reset
00:00:05.558807 AC97: Mixer reset (EAID=0x809, EACS=0x9)
00:00:05.558833 AC97: Record select to left=Microphone In, right=Microphone In
00:00:05.575288 SUP: seg #0: RWX 0x00000000 LB 0x00003000
00:00:05.575333 SUP: seg #1: R   0x00003000 LB 0x00000500
00:00:05.575433 SUP: Loaded VBoxEhciR0.r0 (/Applications/VirtualBox.app/Contents/MacOS/ExtensionPacks/Oracle_VM_VirtualBox_Extension_Pack/darwin.amd64/VBoxEhciR0.r0) at 0xXXXXXXXXXXXXXXXX - ModuleInit at XXXXXXXXXXXXXXXX and ModuleTerm at XXXXXXXXXXXXXXXX using the native ring-0 loader
00:00:05.576311 VUSB: Attached 'HidMouse' to port 1 on RootHub#1 (FullSpeed)
00:00:05.576394 PGM: The CPU physical address width is 36 bits
00:00:05.576424 PGM: PGMR3InitFinalize: 4 MB PSE mask 0000000fffffffff -> VINF_SUCCESS
00:00:05.576493 TM: TMR3InitFinalize: fTSCModeSwitchAllowed=true 
00:00:05.576671 VMM: Thread-context hooks unavailable
00:00:05.576696 VMM: RTThreadPreemptIsPending() can be trusted
00:00:05.576726 VMM: Kernel preemption is possible
00:00:05.576827 HM: fWorldSwitcher=0x0 (fIbpbOnVmExit=false fIbpbOnVmEntry=false fL1dFlushOnVmEntry=false); fL1dFlushOnSched=true  fMdsClearOnVmEntry=false
00:00:05.576858 HM: Using VT-x implementation 3.0
00:00:05.576860 HM: Max resume loops                  = 8192
00:00:05.576861 HM: Host CR4                          = 0x1626e0
00:00:05.576870 HM: Host EFER                         = 0xd01
00:00:05.576871 HM: MSR_IA32_SMM_MONITOR_CTL          = 0x0
00:00:05.576872 HM: MSR_IA32_FEATURE_CONTROL          = 0xff07
00:00:05.576873 HM:   LOCK
00:00:05.576873 HM:   SMX_VMXON
00:00:05.576874 HM:   VMXON
00:00:05.576874 HM:   SENTER_LOCAL_FN0
00:00:05.576874 HM:   SENTER_LOCAL_FN1
00:00:05.576875 HM:   SENTER_LOCAL_FN2
00:00:05.576875 HM:   SENTER_LOCAL_FN3
00:00:05.576875 HM:   SENTER_LOCAL_FN4
00:00:05.576875 HM:   SENTER_LOCAL_FN5
00:00:05.576876 HM:   SENTER_LOCAL_FN6
00:00:05.576876 HM:   SENTER_GLOBAL_EN
00:00:05.576876 HM: MSR_IA32_VMX_BASIC                = 0xda040000000010
00:00:05.576877 HM:   VMCS id                           = 0x10
00:00:05.576878 HM:   VMCS size                         = 1024 bytes
00:00:05.576878 HM:   VMCS physical address limit       = None
00:00:05.576879 HM:   VMCS memory type                  = Write Back (WB)
00:00:05.576879 HM:   Dual-monitor treatment support    = true 
00:00:05.576880 HM:   OUTS & INS instruction-info       = true 
00:00:05.576880 HM:   Supports true-capability MSRs     = true 
00:00:05.576880 HM:   VM-entry Xcpt error-code optional = false
00:00:05.576881 HM: MSR_IA32_VMX_PINBASED_CTLS        = 0x7f00000016
00:00:05.576881 HM:   EXT_INT_EXIT
00:00:05.576882 HM:   NMI_EXIT
00:00:05.576882 HM:   VIRTUAL_NMI
00:00:05.576882 HM:   PREEMPT_TIMER
00:00:05.576883 HM:   POSTED_INT (must be cleared)
00:00:05.576883 HM: MSR_IA32_VMX_PROCBASED_CTLS       = 0xfff9fffe0401e172
00:00:05.576884 HM:   INT_WINDOW_EXIT
00:00:05.576884 HM:   USE_TSC_OFFSETTING
00:00:05.576884 HM:   HLT_EXIT
00:00:05.576885 HM:   INVLPG_EXIT
00:00:05.576885 HM:   MWAIT_EXIT
00:00:05.576885 HM:   RDPMC_EXIT
00:00:05.576886 HM:   RDTSC_EXIT
00:00:05.576886 HM:   CR3_LOAD_EXIT (must be set)
00:00:05.576886 HM:   CR3_STORE_EXIT (must be set)
00:00:05.576886 HM:   CR8_LOAD_EXIT
00:00:05.576887 HM:   CR8_STORE_EXIT
00:00:05.576887 HM:   USE_TPR_SHADOW
00:00:05.576887 HM:   NMI_WINDOW_EXIT
00:00:05.576888 HM:   MOV_DR_EXIT
00:00:05.576888 HM:   UNCOND_IO_EXIT
00:00:05.576888 HM:   USE_IO_BITMAPS
00:00:05.576889 HM:   MONITOR_TRAP_FLAG
00:00:05.576889 HM:   USE_MSR_BITMAPS
00:00:05.576889 HM:   MONITOR_EXIT
00:00:05.576889 HM:   PAUSE_EXIT
00:00:05.576890 HM:   USE_SECONDARY_CTLS
00:00:05.576892 HM: MSR_IA32_VMX_PROCBASED_CTLS2      = 0x8ff00000000
00:00:05.576893 HM:   VIRT_APIC_ACCESS
00:00:05.576894 HM:   EPT
00:00:05.576894 HM:   DESC_TABLE_EXIT
00:00:05.576894 HM:   RDTSCP
00:00:05.576894 HM:   VIRT_X2APIC_MODE
00:00:05.576895 HM:   VPID
00:00:05.576895 HM:   WBINVD_EXIT
00:00:05.576895 HM:   UNRESTRICTED_GUEST
00:00:05.576896 HM:   APIC_REG_VIRT (must be cleared)
00:00:05.576896 HM:   VIRT_INT_DELIVERY (must be cleared)
00:00:05.576896 HM:   PAUSE_LOOP_EXIT (must be cleared)
00:00:05.576897 HM:   RDRAND_EXIT
00:00:05.576897 HM:   INVPCID (must be cleared)
00:00:05.576897 HM:   VMFUNC (must be cleared)
00:00:05.576897 HM:   VMCS_SHADOWING (must be cleared)
00:00:05.576898 HM:   ENCLS_EXIT (must be cleared)
00:00:05.576898 HM:   RDSEED_EXIT (must be cleared)
00:00:05.576898 HM:   PML (must be cleared)
00:00:05.576899 HM:   EPT_VE (must be cleared)
00:00:05.576899 HM:   CONCEAL_VMX_FROM_PT (must be cleared)
00:00:05.576899 HM:   XSAVES_XRSTORS (must be cleared)
00:00:05.576900 HM:   MODE_BASED_EPT_PERM (must be cleared)
00:00:05.576900 HM:   SPPTP_EPT (must be cleared)
00:00:05.576900 HM:   PT_EPT (must be cleared)
00:00:05.576900 HM:   TSC_SCALING (must be cleared)
00:00:05.576901 HM:   USER_WAIT_PAUSE (must be cleared)
00:00:05.576901 HM:   ENCLV_EXIT (must be cleared)
00:00:05.576901 HM: MSR_IA32_VMX_ENTRY_CTLS           = 0xffff000011ff
00:00:05.576902 HM:   LOAD_DEBUG (must be set)
00:00:05.576902 HM:   IA32E_MODE_GUEST
00:00:05.576903 HM:   ENTRY_TO_SMM
00:00:05.576903 HM:   DEACTIVATE_DUAL_MON
00:00:05.576903 HM:   LOAD_PERF_MSR
00:00:05.576904 HM:   LOAD_PAT_MSR
00:00:05.576904 HM:   LOAD_EFER_MSR
00:00:05.576904 HM:   LOAD_BNDCFGS_MSR (must be cleared)
00:00:05.576904 HM:   CONCEAL_VMX_FROM_PT (must be cleared)
00:00:05.576905 HM:   LOAD_RTIT_CTL_MSR (must be cleared)
00:00:05.576905 HM: MSR_IA32_VMX_EXIT_CTLS            = 0x7fffff00036dff
00:00:05.576906 HM:   SAVE_DEBUG (must be set)
00:00:05.576906 HM:   HOST_ADDR_SPACE_SIZE
00:00:05.576906 HM:   LOAD_PERF_MSR
00:00:05.576907 HM:   ACK_EXT_INT
00:00:05.576907 HM:   SAVE_PAT_MSR
00:00:05.576909 HM:   LOAD_PAT_MSR
00:00:05.576909 HM:   SAVE_EFER_MSR
00:00:05.576909 HM:   LOAD_EFER_MSR
00:00:05.576910 HM:   SAVE_PREEMPT_TIMER
00:00:05.576910 HM:   CLEAR_BNDCFGS_MSR (must be cleared)
00:00:05.576910 HM:   CONCEAL_VMX_FROM_PT (must be cleared)
00:00:05.576911 HM:   CLEAR_RTIT_CTL_MSR (must be cleared)
00:00:05.576911 HM: MSR_IA32_VMX_TRUE_PINBASED_CTLS   = 0x7f00000016
00:00:05.576912 HM: MSR_IA32_VMX_TRUE_PROCBASED_CTLS  = 0xfff9fffe04006172
00:00:05.576912 HM: MSR_IA32_VMX_TRUE_ENTRY_CTLS      = 0xffff000011fb
00:00:05.576913 HM: MSR_IA32_VMX_TRUE_EXIT_CTLS       = 0x7fffff00036dfb
00:00:05.576914 HM: MSR_IA32_VMX_MISC                 = 0x100401e5
00:00:05.576914 HM:   PREEMPT_TIMER_TSC                 = 0x5
00:00:05.576915 HM:   EXIT_SAVE_EFER_LMA                = true 
00:00:05.576915 HM:   ACTIVITY_STATES                   = 0x7 ( HLT SHUTDOWN SIPI_WAIT )
00:00:05.576916 HM:   INTEL_PT                          = false
00:00:05.576916 HM:   SMM_READ_SMBASE_MSR               = false
00:00:05.576917 HM:   CR3_TARGET                        = 0x4
00:00:05.576917 HM:   MAX_MSR                           = 0x0 ( 512 )
00:00:05.576918 HM:   VMXOFF_BLOCK_SMI                  = true 
00:00:05.576918 HM:   VMWRITE_ALL                       = false
00:00:05.576918 HM:   ENTRY_INJECT_SOFT_INT             = 0x0
00:00:05.576919 HM:   MSEG_ID                           = 0x0
00:00:05.576919 HM: MSR_IA32_VMX_VMCS_ENUM            = 0x2a
00:00:05.576920 HM:   HIGHEST_IDX                       = 0x15
00:00:05.576920 HM: MSR_IA32_VMX_EPT_VPID_CAP         = 0xf0106114141
00:00:05.576921 HM:   RWX_X_ONLY
00:00:05.576921 HM:   PAGE_WALK_LENGTH_4
00:00:05.576921 HM:   EMT_UC
00:00:05.576922 HM:   EMT_WB
00:00:05.576922 HM:   PDE_2M
00:00:05.576922 HM:   INVEPT
00:00:05.576922 HM:   INVEPT_SINGLE_CONTEXT
00:00:05.576923 HM:   INVEPT_ALL_CONTEXTS
00:00:05.576923 HM:   INVVPID
00:00:05.576923 HM:   INVVPID_INDIV_ADDR
00:00:05.576924 HM:   INVVPID_SINGLE_CONTEXT
00:00:05.576924 HM:   INVVPID_ALL_CONTEXTS
00:00:05.576924 HM:   INVVPID_SINGLE_CONTEXT_RETAIN_GLOBALS
00:00:05.576924 HM: MSR_IA32_VMX_CR0_FIXED0           = 0x80000021
00:00:05.576925 HM: MSR_IA32_VMX_CR0_FIXED1           = 0xffffffff
00:00:05.576926 HM: MSR_IA32_VMX_CR4_FIXED0           = 0x2000
00:00:05.576926 HM: MSR_IA32_VMX_CR4_FIXED1           = 0x1767ff
00:00:05.576927 HM: APIC-access page physaddr         = 0x00000000051b9000
00:00:05.576927 HM: VCPU  0: MSR bitmap physaddr      = 0x000000003f13c000
00:00:05.576928 HM: VCPU  0: VMCS physaddr            = 0x0000000263126000
00:00:05.576929 HM: Guest support: 32-bit and 64-bit
00:00:05.576948 HM: Supports VMCS EFER fields         = true 
00:00:05.576949 HM: Enabled VMX
00:00:05.576952 CPUM: SetGuestCpuIdFeature: Enabled SYSENTER/EXIT
00:00:05.576952 CPUM: SetGuestCpuIdFeature: Enabled PAE
00:00:05.576953 CPUM: SetGuestCpuIdFeature: Enabled LONG MODE
00:00:05.576953 CPUM: SetGuestCpuIdFeature: Enabled SYSCALL/RET
00:00:05.576953 CPUM: SetGuestCpuIdFeature: Enabled LAHF/SAHF
00:00:05.576954 CPUM: SetGuestCpuIdFeature: Enabled NX
00:00:05.576954 HM: Enabled nested paging
00:00:05.576954 HM:   EPT flush type                  = Single context
00:00:05.576955 HM: Enabled unrestricted guest execution
00:00:05.576955 HM: Enabled large page support
00:00:05.576955 HM: Enabled VPID
00:00:05.576956 HM:   VPID flush type                 = Single context
00:00:05.576956 HM: Enabled VMX-preemption timer (cPreemptTimerShift=5)
00:00:05.576957 HM: VT-x/AMD-V init method: Global
00:00:05.576957 EM: Exit history optimizations: enabled=true  enabled-r0=true  enabled-r0-no-preemption=false
00:00:05.580093 PcBios: SATA LUN#0 LCHS=1024/255/63
00:00:05.580142 APIC: fPostedIntrsEnabled=false fVirtApicRegsEnabled=false fSupportsTscDeadline=false
00:00:05.580169 TMR3UtcNow: nsNow=1 625 837 311 911 995 000 nsPrev=0 -> cNsDelta=1 625 837 311 911 995 000 (offLag=0 offVirtualSync=0 offVirtualSyncGivenUp=0, NowAgain=1 625 837 311 911 996 000)
00:00:05.580194 VMM: fUsePeriodicPreemptionTimers=false
00:00:05.580361 CPUM: Logical host processors: 4 present, 4 max, 4 online, online mask: 000000000000000f
00:00:05.580365 CPUM: Physical host cores: 4
00:00:05.580365 ************************* CPUID dump ************************
00:00:05.580372          Raw Standard CPUID Leaves
00:00:05.580373      Leaf/sub-leaf  eax      ebx      ecx      edx
00:00:05.580373 Gst: 00000000/0000  0000000d 756e6547 6c65746e 49656e69
00:00:05.580375 Hst:                0000000d 756e6547 6c65746e 49656e69
00:00:05.580376 Gst: 00000001/0000  000306a9 00010800 d6ba220b 178bfbff
00:00:05.580377 Hst:                000306a9 00100800 7fbae3ff bfebfbff
00:00:05.580378 Gst: 00000002/0000  76035a01 00f0b0ff 00000000 00ca0000
00:00:05.580379 Hst:                76035a01 00f0b0ff 00000000 00ca0000
00:00:05.580379 Gst: 00000003/0000  00000000 00000000 00000000 00000000
00:00:05.580380 Hst:                00000000 00000000 00000000 00000000
00:00:05.580381 Gst: 00000004/0000  00000121 01c0003f 0000003f 00000000
00:00:05.580382 Hst:                1c004121 01c0003f 0000003f 00000000
00:00:05.580383 Gst: 00000004/0001  00000122 01c0003f 0000003f 00000000
00:00:05.580384 Hst:                1c004122 01c0003f 0000003f 00000000
00:00:05.580384 Gst: 00000004/0002  00000143 01c0003f 000001ff 00000000
00:00:05.580385 Hst:                1c004143 01c0003f 000001ff 00000000
00:00:05.580386 Gst: 00000004/0003  00000163 02c0003f 00001fff 00000006
00:00:05.580387 Hst:                1c03c163 02c0003f 00001fff 00000006
00:00:05.580388 Gst: 00000004/0004  00000000 00000000 00000000 00000000
00:00:05.580388 Hst:                00000000 00000000 00000000 00000000
00:00:05.580389 Gst: 00000005/0000  00000040 00000040 00000000 00000000
00:00:05.580390 Hst:                00000040 00000040 00000003 00001120
00:00:05.580391 Gst: 00000006/0000  00000000 00000000 00000000 00000000
00:00:05.580391 Hst:                00000077 00000002 00000009 00000000
00:00:05.580392 Gst: 00000007/0000  00000000 00000001 00000000 10000400
00:00:05.580393 Hst:                00000000 00000281 00000000 9c000400
00:00:05.580394 Gst: 00000007/0001  00000000 00000000 00000000 00000000
00:00:05.580394 Hst:                00000000 00000000 00000000 00000000
00:00:05.580395 Gst: 00000008/0000  00000000 00000000 00000000 00000000
00:00:05.580396 Hst:                00000000 00000000 00000000 00000000
00:00:05.580396 Gst: 00000009/0000  00000000 00000000 00000000 00000000
00:00:05.580397 Hst:                00000000 00000000 00000000 00000000
00:00:05.580398 Gst: 0000000a/0000  00000000 00000000 00000000 00000000
00:00:05.580398 Hst:                07300803 00000000 00000000 00000603
00:00:05.580399 Gst: 0000000b/0000  00000000 00000001 00000100 00000000
00:00:05.580400 Hst:                00000001 00000001 00000100 00000000
00:00:05.580401 Gst: 0000000b/0001  00000001 00000001 00000201 00000000
00:00:05.580401 Hst:                00000004 00000004 00000201 00000000
00:00:05.580402 Gst: 0000000b/0002  00000000 00000000 00000002 00000000
00:00:05.580403 Hst:                00000000 00000000 00000002 00000000
00:00:05.580404 Gst: 0000000c/0000  00000000 00000000 00000000 00000000
00:00:05.580404 Hst:                00000000 00000000 00000000 00000000
00:00:05.580405 Gst: 0000000d/0000  00000007 00000340 00000340 00000000
00:00:05.580406 Hst:                00000007 00000340 00000340 00000000
00:00:05.580406 Gst: 0000000d/0001  00000000 00000000 00000000 00000000
00:00:05.580407 Hst:                00000001 00000000 00000000 00000000
00:00:05.580408 Gst: 0000000d/0002  00000100 00000240 00000000 00000000
00:00:05.580408 Hst:                00000100 00000240 00000000 00000000
00:00:05.580409 Gst: 0000000d/0003  00000000 00000000 00000000 00000000
00:00:05.580410 Hst:                00000000 00000000 00000000 00000000
00:00:05.580423                                Name: GenuineIntel
00:00:05.580424                            Supports: 0x00000000-0x0000000d
00:00:05.580426                              Family:  6 	Extended: 0 	Effective: 6
00:00:05.580427                               Model: 10 	Extended: 3 	Effective: 58
00:00:05.580428                            Stepping: 9
00:00:05.580429                                Type: 0 (primary)
00:00:05.580431                             APIC ID: 0x00
00:00:05.580432                        Logical CPUs: 1
00:00:05.580433                        CLFLUSH Size: 8
00:00:05.580434                            Brand ID: 0x00
00:00:05.580435 Features
00:00:05.580435   Mnemonic - Description                                  = guest (host)
00:00:05.580438   FPU - x87 FPU on Chip                                   = 1 (1)
00:00:05.580439   VME - Virtual 8086 Mode Enhancements                    = 1 (1)
00:00:05.580441   DE - Debugging extensions                               = 1 (1)
00:00:05.580442   PSE - Page Size Extension                               = 1 (1)
00:00:05.580443   TSC - Time Stamp Counter                                = 1 (1)
00:00:05.580444   MSR - Model Specific Registers                          = 1 (1)
00:00:05.580445   PAE - Physical Address Extension                        = 1 (1)
00:00:05.580446   MCE - Machine Check Exception                           = 1 (1)
00:00:05.580447   CX8 - CMPXCHG8B instruction                             = 1 (1)
00:00:05.580448   APIC - APIC On-Chip                                     = 1 (1)
00:00:05.580449   SEP - SYSENTER and SYSEXIT Present                      = 1 (1)
00:00:05.580450   MTRR - Memory Type Range Registers                      = 1 (1)
00:00:05.580451   PGE - PTE Global Bit                                    = 1 (1)
00:00:05.580453   MCA - Machine Check Architecture                        = 1 (1)
00:00:05.580454   CMOV - Conditional Move instructions                    = 1 (1)
00:00:05.580454   PAT - Page Attribute Table                              = 1 (1)
00:00:05.580455   PSE-36 - 36-bit Page Size Extension                     = 1 (1)
00:00:05.580456   PSN - Processor Serial Number                           = 0 (0)
00:00:05.580457   CLFSH - CLFLUSH instruction                             = 1 (1)
00:00:05.580459   DS - Debug Store                                        = 0 (1)
00:00:05.580460   ACPI - Thermal Mon. & Soft. Clock Ctrl.                 = 0 (1)
00:00:05.580461   MMX - Intel MMX Technology                              = 1 (1)
00:00:05.580462   FXSR - FXSAVE and FXRSTOR instructions                  = 1 (1)
00:00:05.580463   SSE - SSE support                                       = 1 (1)
00:00:05.580464   SSE2 - SSE2 support                                     = 1 (1)
00:00:05.580465   SS - Self Snoop                                         = 0 (1)
00:00:05.580466   HTT - Hyper-Threading Technology                        = 1 (1)
00:00:05.580467   TM - Therm. Monitor                                     = 0 (1)
00:00:05.580468   PBE - Pending Break Enabled                             = 0 (1)
00:00:05.580470   SSE3 - SSE3 support                                     = 1 (1)
00:00:05.580471   PCLMUL - PCLMULQDQ support (for AES-GCM)                = 1 (1)
00:00:05.580472   DTES64 - DS Area 64-bit Layout                          = 0 (1)
00:00:05.580473   MONITOR - MONITOR/MWAIT instructions                    = 1 (1)
00:00:05.580474   CPL-DS - CPL Qualified Debug Store                      = 0 (1)
00:00:05.580475   VMX - Virtual Machine Extensions                        = 0 (1)
00:00:05.580476   SMX - Safer Mode Extensions                             = 0 (1)
00:00:05.580477   EST - Enhanced SpeedStep Technology                     = 0 (1)
00:00:05.580478   TM2 - Terminal Monitor 2                                = 0 (1)
00:00:05.580479   SSSE3 - Supplemental Streaming SIMD Extensions 3        = 1 (1)
00:00:05.580480   CNTX-ID - L1 Context ID                                 = 0 (0)
00:00:05.580481   SDBG - Silicon Debug interface                          = 0 (0)
00:00:05.580482   FMA - Fused Multiply Add extensions                     = 0 (0)
00:00:05.580483   CX16 - CMPXCHG16B instruction                           = 1 (1)
00:00:05.580484   TPRUPDATE - xTPR Update Control                         = 0 (1)
00:00:05.580485   PDCM - Perf/Debug Capability MSR                        = 0 (1)
00:00:05.580486   PCID - Process Context Identifiers                      = 1 (1)
00:00:05.580487   DCA - Direct Cache Access                               = 0 (0)
00:00:05.580488   SSE4_1 - SSE4_1 support                                 = 1 (1)
00:00:05.580489   SSE4_2 - SSE4_2 support                                 = 1 (1)
00:00:05.580490   X2APIC - x2APIC support                                 = 1 (1)
00:00:05.580491   MOVBE - MOVBE instruction                               = 0 (0)
00:00:05.580492   POPCNT - POPCNT instruction                             = 1 (1)
00:00:05.580493   TSCDEADL - Time Stamp Counter Deadline                  = 0 (1)
00:00:05.580494   AES - AES instructions                                  = 1 (1)
00:00:05.580495   XSAVE - XSAVE instruction                               = 1 (1)
00:00:05.580496   OSXSAVE - OSXSAVE instruction                           = 0 (1)
00:00:05.580498   AVX - AVX support                                       = 1 (1)
00:00:05.580499   F16C - 16-bit floating point conversion instructions    = 0 (1)
00:00:05.580499   RDRAND - RDRAND instruction                             = 1 (1)
00:00:05.580501   HVP - Hypervisor Present (we're a guest)                = 1 (0)
00:00:05.580502 Structured Extended Feature Flags Enumeration (leaf 7):
00:00:05.580502   Mnemonic - Description                                  = guest (host)
00:00:05.580503   FSGSBASE - RDFSBASE/RDGSBASE/WRFSBASE/WRGSBASE instr.   = 1 (1)
00:00:05.580503   TSCADJUST - Supports MSR_IA32_TSC_ADJUST                = 0 (0)
00:00:05.580504   SGX - Supports Software Guard Extensions                = 0 (0)
00:00:05.580505   BMI1 - Advanced Bit Manipulation extension 1            = 0 (0)
00:00:05.580506   HLE - Hardware Lock Elision                             = 0 (0)
00:00:05.580507   AVX2 - Advanced Vector Extensions 2                     = 0 (0)
00:00:05.580508   FDP_EXCPTN_ONLY - FPU DP only updated on exceptions     = 0 (0)
00:00:05.580509   SMEP - Supervisor Mode Execution Prevention             = 0 (1)
00:00:05.580510   BMI2 - Advanced Bit Manipulation extension 2            = 0 (0)
00:00:05.580511   ERMS - Enhanced REP MOVSB/STOSB instructions            = 0 (1)
00:00:05.580511   INVPCID - INVPCID instruction                           = 0 (0)
00:00:05.580512   RTM - Restricted Transactional Memory                   = 0 (0)
00:00:05.580513   PQM - Platform Quality of Service Monitoring            = 0 (0)
00:00:05.580514   DEPFPU_CS_DS - Deprecates FPU CS, FPU DS values if set  = 0 (0)
00:00:05.580515   MPE - Intel Memory Protection Extensions                = 0 (0)
00:00:05.580516   PQE - Platform Quality of Service Enforcement           = 0 (0)
00:00:05.580516   AVX512F - AVX512 Foundation instructions                = 0 (0)
00:00:05.580517   RDSEED - RDSEED instruction                             = 0 (0)
00:00:05.580518   ADX - ADCX/ADOX instructions                            = 0 (0)
00:00:05.580520   SMAP - Supervisor Mode Access Prevention                = 0 (0)
00:00:05.580520   CLFLUSHOPT - CLFLUSHOPT (Cache Line Flush) instruction  = 0 (0)
00:00:05.580521   INTEL_PT - Intel Processor Trace                        = 0 (0)
00:00:05.580522   AVX512PF - AVX512 Prefetch instructions                 = 0 (0)
00:00:05.580523   AVX512ER - AVX512 Exponential & Reciprocal instructions = 0 (0)
00:00:05.580524   AVX512CD - AVX512 Conflict Detection instructions       = 0 (0)
00:00:05.580525   SHA - Secure Hash Algorithm extensions                  = 0 (0)
00:00:05.580526   PREFETCHWT1 - PREFETCHWT1 instruction                   = 0 (0)
00:00:05.580527   UMIP - User mode insturction prevention                 = 0 (0)
00:00:05.580527   PKU - Protection Key for Usermode pages                 = 0 (0)
00:00:05.580528   OSPKE - CR4.PKU mirror                                  = 0 (0)
00:00:05.580529   MAWAU - Value used by BNDLDX & BNDSTX                   = 0x0 (0x0)
00:00:05.580531   RDPID - Read processor ID support                       = 0 (0)
00:00:05.580532   SGX_LC - Supports SGX Launch Configuration              = 0 (0)
00:00:05.580533   MD_CLEAR - Supports MDS related buffer clearing         = 1 (1)
00:00:05.580533   IBRS_IBPB - IA32_SPEC_CTRL.IBRS and IA32_PRED_CMD.IBPB  = 0 (1)
00:00:05.580534   STIBP - Supports IA32_SPEC_CTRL.STIBP                   = 0 (1)
00:00:05.580535   FLUSH_CMD - Supports IA32_FLUSH_CMD                     = 1 (1)
00:00:05.580536   ARCHCAP - Supports IA32_ARCH_CAP                        = 0 (0)
00:00:05.580537   CORECAP - Supports IA32_CORE_CAP                        = 0 (0)
00:00:05.580538   SSBD - Supports IA32_SPEC_CTRL.SSBD                     = 0 (1)
00:00:05.580539 Processor Extended State Enumeration (leaf 0xd):
00:00:05.580540    XSAVE area cur/max size by XCR0, guest: 0x340/0x340
00:00:05.580541     XSAVE area cur/max size by XCR0, host: 0x340/0x340
00:00:05.580541                    Valid XCR0 bits, guest: 0x00000000`00000007 ( x87 SSE YMM_Hi128 )
00:00:05.580545                     Valid XCR0 bits, host: 0x00000000`00000007 ( x87 SSE YMM_Hi128 )
00:00:05.580547                     XSAVE features, guest:
00:00:05.580548                      XSAVE features, host: XSAVEOPT
00:00:05.580549       XSAVE area cur size XCR0|XSS, guest: 0x0
00:00:05.580549        XSAVE area cur size XCR0|XSS, host: 0x0
00:00:05.580550                Valid IA32_XSS bits, guest: 0x00000000`00000000
00:00:05.580551                 Valid IA32_XSS bits, host: 0x00000000`00000000
00:00:05.580552   State #2, guest: off=0x0240, cb=0x0100 IA32_XSS-bit -- YMM_Hi128
00:00:05.580553   State #2, host:  off=0x0240, cb=0x0100 IA32_XSS-bit -- YMM_Hi128
00:00:05.580561          Raw Hypervisor CPUID Leaves
00:00:05.580561      Leaf/sub-leaf  eax      ebx      ecx      edx
00:00:05.580561 Gst: 40000000/0000  40000001 4b4d564b 564b4d56 0000004d
00:00:05.580562 Hst:                00000007 00000340 00000340 00000000
00:00:05.580563 Gst: 40000001/0000  01000089 00000000 00000000 00000000
00:00:05.580564 Hst:                00000007 00000340 00000340 00000000
00:00:05.580565          Raw Extended CPUID Leaves
00:00:05.580565      Leaf/sub-leaf  eax      ebx      ecx      edx
00:00:05.580566 Gst: 80000000/0000  80000008 00000000 00000000 00000000
00:00:05.580567 Hst:                80000008 00000000 00000000 00000000
00:00:05.580567 Gst: 80000001/0000  00000000 00000000 00000001 28100800
00:00:05.580568 Hst:                00000000 00000000 00000001 28100800
00:00:05.580569 Gst: 80000002/0000  20202020 49202020 6c65746e 20295228
00:00:05.580570 Hst:                20202020 49202020 6c65746e 20295228
00:00:05.580571 Gst: 80000003/0000  65726f43 294d5428 2d356920 30373433
00:00:05.580572 Hst:                65726f43 294d5428 2d356920 30373433
00:00:05.580574 Gst: 80000004/0000  50432053 20402055 30392e32 007a4847
00:00:05.580575 Hst:                50432053 20402055 30392e32 007a4847
00:00:05.580575 Gst: 80000005/0000  00000000 00000000 00000000 00000000
00:00:05.580576 Hst:                00000000 00000000 00000000 00000000
00:00:05.580577 Gst: 80000006/0000  00000000 00000000 01006040 00000000
00:00:05.580578 Hst:                00000000 00000000 01006040 00000000
00:00:05.580578 Gst: 80000007/0000  00000000 00000000 00000000 00000100
00:00:05.580579 Hst:                00000000 00000000 00000000 00000100
00:00:05.580580 Gst: 80000008/0000  00003024 00000000 00000000 00000000
00:00:05.580581 Hst:                00003024 00000000 00000000 00000000
00:00:05.580581 Ext Name:                        
00:00:05.580582 Ext Supports:                    0x80000000-0x80000008
00:00:05.580582 Family:                          0  	Extended: 0 	Effective: 0
00:00:05.580583 Model:                           0  	Extended: 0 	Effective: 0
00:00:05.580584 Stepping:                        0
00:00:05.580584 Brand ID:                        0x000
00:00:05.580585 Ext Features
00:00:05.580585   Mnemonic - Description                                  = guest (host)
00:00:05.580585   FPU - x87 FPU on Chip                                   = 0 (0)
00:00:05.580587   VME - Virtual 8086 Mode Enhancements                    = 0 (0)
00:00:05.580588   DE - Debugging extensions                               = 0 (0)
00:00:05.580589   PSE - Page Size Extension                               = 0 (0)
00:00:05.580590   TSC - Time Stamp Counter                                = 0 (0)
00:00:05.580591   MSR - K86 Model Specific Registers                      = 0 (0)
00:00:05.580592   PAE - Physical Address Extension                        = 0 (0)
00:00:05.580593   MCE - Machine Check Exception                           = 0 (0)
00:00:05.580594   CX8 - CMPXCHG8B instruction                             = 0 (0)
00:00:05.580595   APIC - APIC On-Chip                                     = 0 (0)
00:00:05.580596   SEP - SYSCALL/SYSRET                                    = 1 (1)
00:00:05.580597   MTRR - Memory Type Range Registers                      = 0 (0)
00:00:05.580598   PGE - PTE Global Bit                                    = 0 (0)
00:00:05.580599   MCA - Machine Check Architecture                        = 0 (0)
00:00:05.580600   CMOV - Conditional Move instructions                    = 0 (0)
00:00:05.580601   PAT - Page Attribute Table                              = 0 (0)
00:00:05.580602   PSE-36 - 36-bit Page Size Extension                     = 0 (0)
00:00:05.580603   NX - No-Execute/Execute-Disable                         = 1 (1)
00:00:05.580604   AXMMX - AMD Extensions to MMX instructions              = 0 (0)
00:00:05.580605   MMX - Intel MMX Technology                              = 0 (0)
00:00:05.580606   FXSR - FXSAVE and FXRSTOR Instructions                  = 0 (0)
00:00:05.580607   FFXSR - AMD fast FXSAVE and FXRSTOR instructions        = 0 (0)
00:00:05.580608   Page1GB - 1 GB large page                               = 0 (0)
00:00:05.580609   RDTSCP - RDTSCP instruction                             = 1 (1)
00:00:05.580610   LM - AMD64 Long Mode                                    = 1 (1)
00:00:05.580611   3DNOWEXT - AMD Extensions to 3DNow                      = 0 (0)
00:00:05.580612   3DNOW - AMD 3DNow                                       = 0 (0)
00:00:05.580613   LahfSahf - LAHF/SAHF support in 64-bit mode             = 1 (1)
00:00:05.580614   CmpLegacy - Core multi-processing legacy mode           = 0 (0)
00:00:05.580615   SVM - AMD Secure Virtual Machine extensions             = 0 (0)
00:00:05.580616   EXTAPIC - AMD Extended APIC registers                   = 0 (0)
00:00:05.580617   CR8L - AMD LOCK MOV CR0 means MOV CR8                   = 0 (0)
00:00:05.580618   ABM - AMD Advanced Bit Manipulation                     = 0 (0)
00:00:05.580619   SSE4A - SSE4A instructions                              = 0 (0)
00:00:05.580620   MISALIGNSSE - AMD Misaligned SSE mode                   = 0 (0)
00:00:05.580621   3DNOWPRF - AMD PREFETCH and PREFETCHW instructions      = 0 (0)
00:00:05.580621   OSVW - AMD OS Visible Workaround                        = 0 (0)
00:00:05.580622   IBS - Instruct Based Sampling                           = 0 (0)
00:00:05.580623   XOP - Extended Operation support                        = 0 (0)
00:00:05.580624   SKINIT - SKINIT, STGI, and DEV support                  = 0 (0)
00:00:05.580625   WDT - AMD Watchdog Timer support                        = 0 (0)
00:00:05.580626   LWP - Lightweight Profiling support                     = 0 (0)
00:00:05.580627   FMA4 - Four operand FMA instruction support             = 0 (0)
00:00:05.580628   NodeId - NodeId in MSR C001_100C                        = 0 (0)
00:00:05.580629   TBM - Trailing Bit Manipulation instructions            = 0 (0)
00:00:05.580630   TOPOEXT - Topology Extensions                           = 0 (0)
00:00:05.580631   PRFEXTCORE - Performance Counter Extensions support     = 0 (0)
00:00:05.580632   PRFEXTNB - NB Performance Counter Extensions support    = 0 (0)
00:00:05.580633   DATABPEXT - Data-access Breakpoint Extension            = 0 (0)
00:00:05.580633   PERFTSC - Performance Time Stamp Counter                = 0 (0)
00:00:05.580634   PCX_L2I - L2I/L3 Performance Counter Extensions         = 0 (0)
00:00:05.580635   MWAITX - MWAITX and MONITORX instructions               = 0 (0)
00:00:05.580636 Full Name:                       "       Intel(R) Core(TM) i5-3470S CPU @ 2.90GHz"
00:00:05.580637 TLB 2/4M Instr/Uni:              res0     0 entries
00:00:05.580637 TLB 2/4M Data:                   res0     0 entries
00:00:05.580638 TLB 4K Instr/Uni:                res0     0 entries
00:00:05.580638 TLB 4K Data:                     res0     0 entries
00:00:05.580639 L1 Instr Cache Line Size:        0 bytes
00:00:05.580639 L1 Instr Cache Lines Per Tag:    0
00:00:05.580639 L1 Instr Cache Associativity:    res0  
00:00:05.580640 L1 Instr Cache Size:             0 KB
00:00:05.580640 L1 Data Cache Line Size:         0 bytes
00:00:05.580640 L1 Data Cache Lines Per Tag:     0
00:00:05.580641 L1 Data Cache Associativity:     res0  
00:00:05.580641 L1 Data Cache Size:              0 KB
00:00:05.580642 L2 TLB 2/4M Instr/Uni:           off       0 entries
00:00:05.580642 L2 TLB 2/4M Data:                off       0 entries
00:00:05.580643 L2 TLB 4K Instr/Uni:             off       0 entries
00:00:05.580643 L2 TLB 4K Data:                  off       0 entries
00:00:05.580643 L2 Cache Line Size:              0 bytes
00:00:05.580644 L2 Cache Lines Per Tag:          0
00:00:05.580644 L2 Cache Associativity:          off   
00:00:05.580644 L2 Cache Size:                   0 KB
00:00:05.580645   TS - Temperature Sensor                                 = 0 (0)
00:00:05.580646   FID - Frequency ID control                              = 0 (0)
00:00:05.580647   VID - Voltage ID control                                = 0 (0)
00:00:05.580648   TscInvariant - Invariant Time Stamp Counter             = 1 (1)
00:00:05.580649   CBP - Core Performance Boost                            = 0 (0)
00:00:05.580650   EffFreqRO - Read-only Effective Frequency Interface     = 0 (0)
00:00:05.580651   ProcFdbkIf - Processor Feedback Interface               = 0 (0)
00:00:05.580652   ProcPwrRep - Core power reporting interface support     = 0 (0)
00:00:05.580653 Physical Address Width:          36 bits
00:00:05.580653 Virtual Address Width:           48 bits
00:00:05.580654 Guest Physical Address Width:    0 bits
00:00:05.580654 Physical Core Count:             1
00:00:05.580655 
00:00:05.580655 ******************** End of CPUID dump **********************
00:00:05.580655 *********************** VT-x features ***********************
00:00:05.580656 Nested hardware virtualization - VMX features
00:00:05.580657   Mnemonic - Description                                  = guest (host)
00:00:05.580657   VMX - Virtual-Machine Extensions                        = 0 (1)
00:00:05.580658   InsOutInfo - INS/OUTS instruction info.                 = 0 (1)
00:00:05.580658   ExtIntExit - External interrupt exiting                 = 0 (1)
00:00:05.580659   NmiExit - NMI exiting                                   = 0 (1)
00:00:05.580660   VirtNmi - Virtual NMIs                                  = 0 (1)
00:00:05.580660   PreemptTimer - VMX preemption timer                     = 0 (1)
00:00:05.580661   PostedInt - Posted interrupts                           = 0 (0)
00:00:05.580661   IntWindowExit - Interrupt-window exiting                = 0 (1)
00:00:05.580662   TscOffsetting - TSC offsetting                          = 0 (1)
00:00:05.580662   HltExit - HLT exiting                                   = 0 (1)
00:00:05.580663   InvlpgExit - INVLPG exiting                             = 0 (1)
00:00:05.580663   MwaitExit - MWAIT exiting                               = 0 (1)
00:00:05.580664   RdpmcExit - RDPMC exiting                               = 0 (1)
00:00:05.580665   RdtscExit - RDTSC exiting                               = 0 (1)
00:00:05.580665   Cr3LoadExit - CR3-load exiting                          = 0 (1)
00:00:05.580666   Cr3StoreExit - CR3-store exiting                        = 0 (1)
00:00:05.580666   Cr8LoadExit  - CR8-load exiting                         = 0 (1)
00:00:05.580667   Cr8StoreExit - CR8-store exiting                        = 0 (1)
00:00:05.580667   UseTprShadow - Use TPR shadow                           = 0 (1)
00:00:05.580668   NmiWindowExit - NMI-window exiting                      = 0 (1)
00:00:05.580668   MovDRxExit - Mov-DR exiting                             = 0 (1)
00:00:05.580669   UncondIoExit - Unconditional I/O exiting                = 0 (1)
00:00:05.580669   UseIoBitmaps - Use I/O bitmaps                          = 0 (1)
00:00:05.580670   MonitorTrapFlag - Monitor Trap Flag                     = 0 (1)
00:00:05.580671   UseMsrBitmaps - MSR bitmaps                             = 0 (1)
00:00:05.580671   MonitorExit - MONITOR exiting                           = 0 (1)
00:00:05.580672   PauseExit - PAUSE exiting                               = 0 (1)
00:00:05.580672   SecondaryExecCtl - Activate secondary controls          = 0 (1)
00:00:05.580673   VirtApic - Virtualize-APIC accesses                     = 0 (1)
00:00:05.580673   Ept - Extended Page Tables                              = 0 (1)
00:00:05.580674   DescTableExit - Descriptor-table exiting                = 0 (1)
00:00:05.580674   Rdtscp - Enable RDTSCP                                  = 0 (1)
00:00:05.580675   VirtX2ApicMode - Virtualize-x2APIC mode                 = 0 (1)
00:00:05.580675   Vpid - Enable VPID                                      = 0 (1)
00:00:05.580676   WbinvdExit - WBINVD exiting                             = 0 (1)
00:00:05.580677   UnrestrictedGuest - Unrestricted guest                  = 0 (1)
00:00:05.580677   ApicRegVirt - APIC-register virtualization              = 0 (0)
00:00:05.580678   VirtIntDelivery - Virtual-interrupt delivery            = 0 (0)
00:00:05.580678   PauseLoopExit - PAUSE-loop exiting                      = 0 (0)
00:00:05.580679   RdrandExit - RDRAND exiting                             = 0 (1)
00:00:05.580679   Invpcid - Enable INVPCID                                = 0 (0)
00:00:05.580680   VmFuncs - Enable VM Functions                           = 0 (0)
00:00:05.580680   VmcsShadowing - VMCS shadowing                          = 0 (0)
00:00:05.580681   RdseedExiting - RDSEED exiting                          = 0 (0)
00:00:05.580681   PML - Page-Modification Log (PML)                       = 0 (0)
00:00:05.580682   EptVe - EPT violations can cause #VE                    = 0 (0)
00:00:05.580682   XsavesXRstors - Enable XSAVES/XRSTORS                   = 0 (0)
00:00:05.580683   EntryLoadDebugCtls - Load debug controls on VM-entry    = 0 (1)
00:00:05.580684   Ia32eModeGuest - IA-32e mode guest                      = 0 (1)
00:00:05.580684   EntryLoadEferMsr - Load IA32_EFER MSR on VM-entry       = 0 (1)
00:00:05.580685   EntryLoadPatMsr - Load IA32_PAT MSR on VM-entry         = 0 (1)
00:00:05.580685   ExitSaveDebugCtls - Save debug controls on VM-exit      = 0 (1)
00:00:05.580686   HostAddrSpaceSize - Host address-space size             = 0 (1)
00:00:05.580686   ExitAckExtInt - Acknowledge interrupt on VM-exit        = 0 (1)
00:00:05.580687   ExitSavePatMsr - Save IA32_PAT MSR on VM-exit           = 0 (1)
00:00:05.580687   ExitLoadPatMsr - Load IA32_PAT MSR on VM-exit           = 0 (1)
00:00:05.580688   ExitSaveEferMsr - Save IA32_EFER MSR on VM-exit         = 0 (1)
00:00:05.580688   ExitLoadEferMsr - Load IA32_EFER MSR on VM-exit         = 0 (1)
00:00:05.580689   SavePreemptTimer - Save VMX-preemption timer            = 0 (1)
00:00:05.580690   ExitSaveEferLma - Save IA32_EFER.LMA on VM-exit         = 0 (1)
00:00:05.580690   IntelPt - Intel PT (Processor Trace) in VMX operation   = 0 (0)
00:00:05.580691   VmwriteAll - VMWRITE to any supported VMCS field        = 0 (0)
00:00:05.580691   EntryInjectSoftInt - Inject softint. with 0-len instr.  = 0 (0)
00:00:05.580692 
00:00:05.580692 ******************* End of VT-x features ********************
00:00:05.580708 VMEmt: Halt method global1 (5)
00:00:05.580838 VMEmt: HaltedGlobal1 config: cNsSpinBlockThresholdCfg=2000
00:00:05.580863 Changing the VM state from 'CREATING' to 'CREATED'
00:00:05.585124 Changing the VM state from 'CREATED' to 'POWERING_ON'
00:00:05.585172 AIOMgr: Endpoints without assigned bandwidth groups:
00:00:05.585196 AIOMgr:     /sgoinfre/goinfre/Perso/nivaniuk/born2berootVMs/Debian Born2beRoot/Debian Born2beRoot.vmdk
00:00:05.585434 Changing the VM state from 'POWERING_ON' to 'RUNNING'
00:00:05.585521 Console: Machine state changed to 'Running'
00:00:05.589338 VMMDev: Guest Log: BIOS: VirtualBox 6.1.22
00:00:05.589483 PCI: Setting up resources and interrupts
00:00:05.589835 PIT: mode=2 count=0x10000 (65536) - 18.20 Hz (ch=0)
00:00:05.602141 Display::i_handleDisplayResize: uScreenId=0 pvVRAM=0000000000000000 w=720 h=400 bpp=0 cbLine=0x0 flags=0x0 origin=0,0
00:00:05.603656 VMMDev: Guest Log: CPUID EDX: 0x178bfbff
00:00:05.603905 PIIX3 ATA: Ctl#1: RESET, DevSel=0 AIOIf=0 CmdIf0=0x00 (-1 usec ago) CmdIf1=0x00 (-1 usec ago)
00:00:05.603992 PIIX3 ATA: Ctl#1: finished processing RESET
00:00:05.605361 AHCI#0: Reset the HBA
00:00:05.605400 VD#0: Cancelling all active requests
00:00:05.605486 AHCI#0: Port 0 reset
00:00:05.605560 VD#0: Cancelling all active requests
00:00:05.607251 VMMDev: Guest Log: BIOS: AHCI 0-P#0: PCHS=16383/16/63 LCHS=1024/255/63 0x0000000001000000 sectors
00:00:05.608843 PIT: mode=2 count=0x48d3 (18643) - 64.00 Hz (ch=0)
00:00:05.624614 Display::i_handleDisplayResize: uScreenId=0 pvVRAM=000000011980a000 w=640 h=480 bpp=32 cbLine=0xA00 flags=0x0 origin=0,0
00:00:06.090297 GUI: UIMachineViewNormal::resendSizeHint: Restoring guest size-hint for screen 0 to 800x600
00:00:06.104352 GUI: 2D video acceleration is disabled
00:00:06.104523 GUI: HID LEDs sync is enabled
00:00:06.143630 GUI: UIMachineLogicNormal::sltCheckForRequestedVisualStateType: Requested-state=0, Machine-state=5
00:00:08.087049 PIT: mode=2 count=0x10000 (65536) - 18.20 Hz (ch=0)
00:00:08.087762 VMMDev: Guest Log: BIOS: Boot : bseqnr=1, bootseq=0231
00:00:08.088361 VMMDev: Guest Log: BIOS: Boot from Floppy 0 failed
00:00:08.089011 VMMDev: Guest Log: BIOS: Boot : bseqnr=2, bootseq=0023
00:00:08.118433 VMMDev: Guest Log: BIOS: Booting from CD-ROM...
00:00:08.185560 Display::i_handleDisplayResize: uScreenId=0 pvVRAM=0000000000000000 w=720 h=400 bpp=0 cbLine=0x0 flags=0x0 origin=0,0
00:00:08.533018 Display::i_handleDisplayResize: uScreenId=0 pvVRAM=000000011980a000 w=640 h=480 bpp=24 cbLine=0x780 flags=0x0 origin=0,0
00:01:57.208183 VMMDev: Guest Log: BIOS: KBD: unsupported int 16h function 03
00:01:57.210195 VMMDev: Guest Log: BIOS: AX=0305 BX=0000 CX=0000 DX=0000 
00:01:57.224356 Display::i_handleDisplayResize: uScreenId=0 pvVRAM=0000000000000000 w=720 h=400 bpp=0 cbLine=0x0 flags=0x0 origin=0,0
00:01:57.249103 VMMDev: Guest Log: int13_harddisk_ext: function 41, unmapped device for ELDL=81
00:01:57.250390 VMMDev: Guest Log: int13_harddisk: function 02, unmapped device for ELDL=81
00:01:57.251601 VMMDev: Guest Log: int13_harddisk_ext: function 41, unmapped device for ELDL=82
00:01:57.252672 VMMDev: Guest Log: int13_harddisk: function 02, unmapped device for ELDL=82
00:01:57.253815 VMMDev: Guest Log: int13_harddisk_ext: function 41, unmapped device for ELDL=83
00:01:57.254851 VMMDev: Guest Log: int13_harddisk: function 02, unmapped device for ELDL=83
00:01:57.255958 VMMDev: Guest Log: int13_harddisk_ext: function 41, unmapped device for ELDL=84
00:01:57.256979 VMMDev: Guest Log: int13_harddisk: function 02, unmapped device for ELDL=84
00:01:57.258051 VMMDev: Guest Log: int13_harddisk_ext: function 41, unmapped device for ELDL=85
00:01:57.259062 VMMDev: Guest Log: int13_harddisk: function 02, unmapped device for ELDL=85
00:01:57.260229 VMMDev: Guest Log: int13_harddisk_ext: function 41, unmapped device for ELDL=86
00:01:57.261346 VMMDev: Guest Log: int13_harddisk: function 02, unmapped device for ELDL=86
00:01:57.262731 VMMDev: Guest Log: int13_harddisk_ext: function 41, unmapped device for ELDL=87
00:01:57.264094 VMMDev: Guest Log: int13_harddisk: function 02, unmapped device for ELDL=87
00:01:57.265294 VMMDev: Guest Log: int13_harddisk_ext: function 41, unmapped device for ELDL=88
00:01:57.266445 VMMDev: Guest Log: int13_harddisk: function 02, unmapped device for ELDL=88
00:01:57.267594 VMMDev: Guest Log: int13_harddisk_ext: function 41, unmapped device for ELDL=89
00:01:57.268604 VMMDev: Guest Log: int13_harddisk: function 02, unmapped device for ELDL=89
00:01:57.269798 VMMDev: Guest Log: int13_harddisk_ext: function 41, unmapped device for ELDL=8a
00:01:57.270832 VMMDev: Guest Log: int13_harddisk: function 02, unmapped device for ELDL=8a
00:01:57.271911 VMMDev: Guest Log: int13_harddisk_ext: function 41, unmapped device for ELDL=8b
00:01:57.272916 VMMDev: Guest Log: int13_harddisk: function 02, unmapped device for ELDL=8b
00:01:57.273989 VMMDev: Guest Log: int13_harddisk_ext: function 41, unmapped device for ELDL=8c
00:01:57.274994 VMMDev: Guest Log: int13_harddisk: function 02, unmapped device for ELDL=8c
00:01:57.276068 VMMDev: Guest Log: int13_harddisk_ext: function 41, unmapped device for ELDL=8d
00:01:57.277072 VMMDev: Guest Log: int13_harddisk: function 02, unmapped device for ELDL=8d
00:01:57.278224 VMMDev: Guest Log: int13_harddisk_ext: function 41, unmapped device for ELDL=8e
00:01:57.279481 VMMDev: Guest Log: int13_harddisk: function 02, unmapped device for ELDL=8e
00:01:57.280909 VMMDev: Guest Log: int13_harddisk_ext: function 41, unmapped device for ELDL=8f
00:01:57.282025 VMMDev: Guest Log: int13_harddisk: function 02, unmapped device for ELDL=8f
00:01:57.499035 Display::i_handleDisplayResize: uScreenId=0 pvVRAM=000000011980a000 w=800 h=600 bpp=16 cbLine=0x640 flags=0x0 origin=0,0
00:01:57.980552 GIM: KVM: VCPU  0: Enabled system-time struct. at 0x00000000279ec000 - u32TscScale=0xb0f43af6 i8TscShift=-1 uVersion=2 fFlags=0x1 uTsc=0x4bb79988ce uVirtNanoTS=0x1a2b3afe56 TscKHz=2893406
00:01:57.980638 TM: Switching TSC mode from 'Dynamic' to 'RealTscOffset'
00:01:58.368976 GIM: KVM: Enabled wall-clock struct. at 0x00000000279eb008 - u32Sec=1625837424 u32Nano=695495144 uVersion=2
00:01:58.369158 PIT: mode=2 count=0x12a5 (4773) - 249.98 Hz (ch=0)
00:01:58.369432 APIC0: Switched mode to x2APIC
00:01:58.493589 PIT: mode=0 count=0x10000 (65536) - 18.20 Hz (ch=0)
00:01:58.585264 OHCI: Software reset
00:01:59.237190 EHCI: Hardware reset
00:01:59.251457 AHCI#0: Reset the HBA
00:01:59.251511 VD#0: Cancelling all active requests
00:01:59.253372 PIIX3 ATA: Ctl#1: RESET, DevSel=0 AIOIf=0 CmdIf0=0xa0 (-1 usec ago) CmdIf1=0x00 (-1 usec ago)
00:01:59.253494 PIIX3 ATA: Ctl#1: finished processing RESET
00:01:59.253959 AHCI#0: Port 0 reset
00:01:59.254078 EHCI: USB Operational
00:01:59.255340 VD#0: Cancelling all active requests
00:01:59.271164 OHCI: USB Reset
00:01:59.328853 OHCI: Software reset
00:01:59.329079 OHCI: USB Operational
00:01:59.372442 EHCI: USB Suspended
00:03:59.844304 NAT: Link up
00:04:00.309273 NAT: IPv6 not supported
00:04:08.358555 NAT: DHCP offered IP address 10.0.2.15
00:04:08.359158 NAT: DHCP offered IP address 10.0.2.15
00:30:19.715270 Audio: Device configuration of driver 'CoreAudio' has changed
00:30:19.734753 Audio: Device configuration of driver 'CoreAudio' has changed
00:30:27.549312 Audio: Device configuration of driver 'CoreAudio' has changed
00:30:27.549438 Audio: Device configuration of driver 'CoreAudio' has changed
00:50:51.816807 Audio: Device configuration of driver 'CoreAudio' has changed
00:50:51.835467 Audio: Device configuration of driver 'CoreAudio' has changed
01:21:29.243086 Audio: Device configuration of driver 'CoreAudio' has changed
01:21:29.264435 Audio: Device configuration of driver 'CoreAudio' has changed
